"C:/Users/Demos/Documents/Unreal Projects/UE_InputProject/Content/LS_BombTile.uasset" 0
"C:/Users/Demos/Documents/Unreal Projects/UE_InputProject/Content/LS_BombTile.uexp" 1
"C:/Users/Demos/Documents/Unreal Projects/UE_InputProject/Content/ExternalContent/Characters/Character_Skeleton.uasset" 2
"C:/Users/Demos/Documents/Unreal Projects/UE_InputProject/Content/ExternalContent/Characters/Character_Skeleton.uexp" 3
"../../../Engine/Content/Animation/DefaultAnimCurveCompressionSettings.uasset" 4
"../../../Engine/Content/Animation/DefaultAnimCurveCompressionSettings.uexp" 5
"../../../Engine/Content/Animation/DefaultAnimBoneCompressionSettings.uasset" 6
"../../../Engine/Content/Animation/DefaultAnimBoneCompressionSettings.uexp" 7
"C:/Users/Demos/Documents/Unreal Projects/UE_InputProject/Content/ExternalContent/Animations/Character_Anim_CharacterArmature_Death.uasset" 8
"C:/Users/Demos/Documents/Unreal Projects/UE_InputProject/Content/ExternalContent/Animations/Character_Anim_CharacterArmature_Death.uexp" 9
"C:/Users/Demos/Documents/Unreal Projects/UE_InputProject/Content/ExternalContent/Animations/Character_Anim_CharacterArmature_Duck.uasset" 10
"C:/Users/Demos/Documents/Unreal Projects/UE_InputProject/Content/ExternalContent/Animations/Character_Anim_CharacterArmature_Duck.uexp" 11
"C:/Users/Demos/Documents/Unreal Projects/UE_InputProject/Content/ExternalContent/Animations/Character_Anim_CharacterArmature_HitReact.uasset" 12
"C:/Users/Demos/Documents/Unreal Projects/UE_InputProject/Content/ExternalContent/Animations/Character_Anim_CharacterArmature_HitReact.uexp" 13
"C:/Users/Demos/Documents/Unreal Projects/UE_InputProject/Content/ExternalContent/Animations/Character_Anim_CharacterArmature_Idle_Gun.uasset" 14
"C:/Users/Demos/Documents/Unreal Projects/UE_InputProject/Content/ExternalContent/Animations/Character_Anim_CharacterArmature_Idle_Gun.uexp" 15
"C:/Users/Demos/Documents/Unreal Projects/UE_InputProject/Content/ExternalContent/Animations/Character_Anim_CharacterArmature_Idle_Shoot.uasset" 16
"C:/Users/Demos/Documents/Unreal Projects/UE_InputProject/Content/ExternalContent/Animations/Character_Anim_CharacterArmature_Idle_Shoot.uexp" 17
"C:/Users/Demos/Documents/Unreal Projects/UE_InputProject/Content/ExternalContent/Animations/Character_Anim_CharacterArmature_No.uasset" 18
"C:/Users/Demos/Documents/Unreal Projects/UE_InputProject/Content/ExternalContent/Animations/Character_Anim_CharacterArmature_No.uexp" 19
"C:/Users/Demos/Documents/Unreal Projects/UE_InputProject/Content/ExternalContent/Animations/Character_Anim_CharacterArmature_Punch.uasset" 20
"C:/Users/Demos/Documents/Unreal Projects/UE_InputProject/Content/ExternalContent/Animations/Character_Anim_CharacterArmature_Punch.uexp" 21
"C:/Users/Demos/Documents/Unreal Projects/UE_InputProject/Content/ExternalContent/Animations/Character_Anim_CharacterArmature_Run_Gun.uasset" 22
"C:/Users/Demos/Documents/Unreal Projects/UE_InputProject/Content/ExternalContent/Animations/Character_Anim_CharacterArmature_Run_Gun.uexp" 23
"C:/Users/Demos/Documents/Unreal Projects/UE_InputProject/Content/ExternalContent/Animations/Character_Anim_CharacterArmature_Run_Shoot.uasset" 24
"C:/Users/Demos/Documents/Unreal Projects/UE_InputProject/Content/ExternalContent/Animations/Character_Anim_CharacterArmature_Run_Shoot.uexp" 25
"C:/Users/Demos/Documents/Unreal Projects/UE_InputProject/Content/ExternalContent/Animations/Character_Anim_CharacterArmature_Walk.uasset" 26
"C:/Users/Demos/Documents/Unreal Projects/UE_InputProject/Content/ExternalContent/Animations/Character_Anim_CharacterArmature_Walk.uexp" 27
"C:/Users/Demos/Documents/Unreal Projects/UE_InputProject/Content/ExternalContent/Animations/Character_Anim_CharacterArmature_Walk_Gun.uasset" 28
"C:/Users/Demos/Documents/Unreal Projects/UE_InputProject/Content/ExternalContent/Animations/Character_Anim_CharacterArmature_Walk_Gun.uexp" 29
"C:/Users/Demos/Documents/Unreal Projects/UE_InputProject/Content/ExternalContent/Animations/Character_Anim_CharacterArmature_Wave.uasset" 30
"C:/Users/Demos/Documents/Unreal Projects/UE_InputProject/Content/ExternalContent/Animations/Character_Anim_CharacterArmature_Wave.uexp" 31
"C:/Users/Demos/Documents/Unreal Projects/UE_InputProject/Content/ExternalContent/Animations/Character_Anim_CharacterArmature_Yes.uasset" 32
"C:/Users/Demos/Documents/Unreal Projects/UE_InputProject/Content/ExternalContent/Animations/Character_Anim_CharacterArmature_Yes.uexp" 33
"C:/Users/Demos/Documents/Unreal Projects/UE_InputProject/Content/ExternalContent/Materials/Metal.uasset" 34
"C:/Users/Demos/Documents/Unreal Projects/UE_InputProject/Content/ExternalContent/Materials/Metal.uexp" 35
"C:/Users/Demos/Documents/Unreal Projects/UE_InputProject/Content/ExternalContent/Environment/barrierFloor.uasset" 36
"C:/Users/Demos/Documents/Unreal Projects/UE_InputProject/Content/ExternalContent/Environment/barrierFloor.uexp" 37
"C:/Users/Demos/Documents/Unreal Projects/UE_InputProject/Content/ExternalContent/Environment/barrierLadder.uasset" 38
"C:/Users/Demos/Documents/Unreal Projects/UE_InputProject/Content/ExternalContent/Environment/barrierLadder.uexp" 39
"C:/Users/Demos/Documents/Unreal Projects/UE_InputProject/Content/ExternalContent/Environment/barrierLarge.uasset" 40
"C:/Users/Demos/Documents/Unreal Projects/UE_InputProject/Content/ExternalContent/Environment/barrierLarge.uexp" 41
"C:/Users/Demos/Documents/Unreal Projects/UE_InputProject/Content/ExternalContent/Environment/barrierMedium.uasset" 42
"C:/Users/Demos/Documents/Unreal Projects/UE_InputProject/Content/ExternalContent/Environment/barrierMedium.uexp" 43
"C:/Users/Demos/Documents/Unreal Projects/UE_InputProject/Content/ExternalContent/Environment/barrierSmall.uasset" 44
"C:/Users/Demos/Documents/Unreal Projects/UE_InputProject/Content/ExternalContent/Environment/barrierSmall.uexp" 45
"C:/Users/Demos/Documents/Unreal Projects/UE_InputProject/Content/ExternalContent/Environment/barrierStrut.uasset" 46
"C:/Users/Demos/Documents/Unreal Projects/UE_InputProject/Content/ExternalContent/Environment/barrierStrut.uexp" 47
"C:/Users/Demos/Documents/Unreal Projects/UE_InputProject/Content/ExternalContent/Materials/Blue.uasset" 48
"C:/Users/Demos/Documents/Unreal Projects/UE_InputProject/Content/ExternalContent/Materials/Blue.uexp" 49
"C:/Users/Demos/Documents/Unreal Projects/UE_InputProject/Content/ExternalContent/Materials/Brown.uasset" 50
"C:/Users/Demos/Documents/Unreal Projects/UE_InputProject/Content/ExternalContent/Materials/Brown.uexp" 51
"C:/Users/Demos/Documents/Unreal Projects/UE_InputProject/Content/ExternalContent/Environment/flag_teamBlue.uasset" 52
"C:/Users/Demos/Documents/Unreal Projects/UE_InputProject/Content/ExternalContent/Environment/flag_teamBlue.uexp" 53
"C:/Users/Demos/Documents/Unreal Projects/UE_InputProject/Content/ExternalContent/Materials/Yellow.uasset" 54
"C:/Users/Demos/Documents/Unreal Projects/UE_InputProject/Content/ExternalContent/Materials/Yellow.uexp" 55
"C:/Users/Demos/Documents/Unreal Projects/UE_InputProject/Content/ExternalContent/Environment/flag_teamYellow.uasset" 56
"C:/Users/Demos/Documents/Unreal Projects/UE_InputProject/Content/ExternalContent/Environment/flag_teamYellow.uexp" 57
"C:/Users/Demos/Documents/Unreal Projects/UE_InputProject/Content/ExternalContent/Environment/gateLargeWide_teamBlue.uasset" 58
"C:/Users/Demos/Documents/Unreal Projects/UE_InputProject/Content/ExternalContent/Environment/gateLargeWide_teamBlue.uexp" 59
"C:/Users/Demos/Documents/Unreal Projects/UE_InputProject/Content/ExternalContent/Materials/Red.uasset" 60
"C:/Users/Demos/Documents/Unreal Projects/UE_InputProject/Content/ExternalContent/Materials/Red.uexp" 61
"C:/Users/Demos/Documents/Unreal Projects/UE_InputProject/Content/ExternalContent/Environment/gateLargeWide_teamRed.uasset" 62
"C:/Users/Demos/Documents/Unreal Projects/UE_InputProject/Content/ExternalContent/Environment/gateLargeWide_teamRed.uexp" 63
"C:/Users/Demos/Documents/Unreal Projects/UE_InputProject/Content/ExternalContent/Environment/gateLargeWide_teamYellow.uasset" 64
"C:/Users/Demos/Documents/Unreal Projects/UE_InputProject/Content/ExternalContent/Environment/gateLargeWide_teamYellow.uexp" 65
"C:/Users/Demos/Documents/Unreal Projects/UE_InputProject/Content/ExternalContent/Environment/gateLarge_teamBlue.uasset" 66
"C:/Users/Demos/Documents/Unreal Projects/UE_InputProject/Content/ExternalContent/Environment/gateLarge_teamBlue.uexp" 67
"C:/Users/Demos/Documents/Unreal Projects/UE_InputProject/Content/ExternalContent/Environment/gateLarge_teamRed.uasset" 68
"C:/Users/Demos/Documents/Unreal Projects/UE_InputProject/Content/ExternalContent/Environment/gateLarge_teamRed.uexp" 69
"C:/Users/Demos/Documents/Unreal Projects/UE_InputProject/Content/ExternalContent/Environment/gateLarge_teamYellow.uasset" 70
"C:/Users/Demos/Documents/Unreal Projects/UE_InputProject/Content/ExternalContent/Environment/gateLarge_teamYellow.uexp" 71
"C:/Users/Demos/Documents/Unreal Projects/UE_InputProject/Content/ExternalContent/Environment/gateSmallWide_teamBlue.uasset" 72
"C:/Users/Demos/Documents/Unreal Projects/UE_InputProject/Content/ExternalContent/Environment/gateSmallWide_teamBlue.uexp" 73
"C:/Users/Demos/Documents/Unreal Projects/UE_InputProject/Content/ExternalContent/Environment/gateSmallWide_teamRed.uasset" 74
"C:/Users/Demos/Documents/Unreal Projects/UE_InputProject/Content/ExternalContent/Environment/gateSmallWide_teamRed.uexp" 75
"C:/Users/Demos/Documents/Unreal Projects/UE_InputProject/Content/ExternalContent/Environment/gateSmallWide_teamYellow.uasset" 76
"C:/Users/Demos/Documents/Unreal Projects/UE_InputProject/Content/ExternalContent/Environment/gateSmallWide_teamYellow.uexp" 77
"C:/Users/Demos/Documents/Unreal Projects/UE_InputProject/Content/ExternalContent/Environment/gateSmall_teamBlue.uasset" 78
"C:/Users/Demos/Documents/Unreal Projects/UE_InputProject/Content/ExternalContent/Environment/gateSmall_teamBlue.uexp" 79
"C:/Users/Demos/Documents/Unreal Projects/UE_InputProject/Content/ExternalContent/Environment/gateSmall_teamRed.uasset" 80
"C:/Users/Demos/Documents/Unreal Projects/UE_InputProject/Content/ExternalContent/Environment/gateSmall_teamRed.uexp" 81
"C:/Users/Demos/Documents/Unreal Projects/UE_InputProject/Content/ExternalContent/Environment/gateSmall_teamYellow.uasset" 82
"C:/Users/Demos/Documents/Unreal Projects/UE_InputProject/Content/ExternalContent/Environment/gateSmall_teamYellow.uexp" 83
"C:/Users/Demos/Documents/Unreal Projects/UE_InputProject/Content/ExternalContent/Environment/hoop_teamBlue.uasset" 84
"C:/Users/Demos/Documents/Unreal Projects/UE_InputProject/Content/ExternalContent/Environment/hoop_teamBlue.uexp" 85
"C:/Users/Demos/Documents/Unreal Projects/UE_InputProject/Content/ExternalContent/Environment/hoop_teamRed.uasset" 86
"C:/Users/Demos/Documents/Unreal Projects/UE_InputProject/Content/ExternalContent/Environment/hoop_teamRed.uexp" 87
"C:/Users/Demos/Documents/Unreal Projects/UE_InputProject/Content/ExternalContent/Environment/hoop_teamYellow.uasset" 88
"C:/Users/Demos/Documents/Unreal Projects/UE_InputProject/Content/ExternalContent/Environment/hoop_teamYellow.uexp" 89
"C:/Users/Demos/Documents/Unreal Projects/UE_InputProject/Content/ExternalContent/Materials/BrownDark.uasset" 90
"C:/Users/Demos/Documents/Unreal Projects/UE_InputProject/Content/ExternalContent/Materials/BrownDark.uexp" 91
"C:/Users/Demos/Documents/Unreal Projects/UE_InputProject/Content/ExternalContent/Environment/plantB_desert.uasset" 92
"C:/Users/Demos/Documents/Unreal Projects/UE_InputProject/Content/ExternalContent/Environment/plantB_desert.uexp" 93
"C:/Users/Demos/Documents/Unreal Projects/UE_InputProject/Content/ExternalContent/Environment/powerupBlock_teamBlue.uasset" 94
"C:/Users/Demos/Documents/Unreal Projects/UE_InputProject/Content/ExternalContent/Environment/powerupBlock_teamBlue.uexp" 95
"C:/Users/Demos/Documents/Unreal Projects/UE_InputProject/Content/ExternalContent/Environment/powerupBlock_teamRed.uasset" 96
"C:/Users/Demos/Documents/Unreal Projects/UE_InputProject/Content/ExternalContent/Environment/powerupBlock_teamRed.uexp" 97
"C:/Users/Demos/Documents/Unreal Projects/UE_InputProject/Content/ExternalContent/Environment/powerupBlock_teamYellow.uasset" 98
"C:/Users/Demos/Documents/Unreal Projects/UE_InputProject/Content/ExternalContent/Environment/powerupBlock_teamYellow.uexp" 99
"C:/Users/Demos/Documents/Unreal Projects/UE_InputProject/Content/ExternalContent/Environment/ring_teamBlue.uasset" 100
"C:/Users/Demos/Documents/Unreal Projects/UE_InputProject/Content/ExternalContent/Environment/ring_teamBlue.uexp" 101
"C:/Users/Demos/Documents/Unreal Projects/UE_InputProject/Content/ExternalContent/Environment/ring_teamRed.uasset" 102
"C:/Users/Demos/Documents/Unreal Projects/UE_InputProject/Content/ExternalContent/Environment/ring_teamRed.uexp" 103
"C:/Users/Demos/Documents/Unreal Projects/UE_InputProject/Content/ExternalContent/Environment/ring_teamYellow.uasset" 104
"C:/Users/Demos/Documents/Unreal Projects/UE_InputProject/Content/ExternalContent/Environment/ring_teamYellow.uexp" 105
"C:/Users/Demos/Documents/Unreal Projects/UE_InputProject/Content/ExternalContent/Environment/rocksA_desert.uasset" 106
"C:/Users/Demos/Documents/Unreal Projects/UE_InputProject/Content/ExternalContent/Environment/rocksA_desert.uexp" 107
"C:/Users/Demos/Documents/Unreal Projects/UE_InputProject/Content/ExternalContent/Materials/Stone.uasset" 108
"C:/Users/Demos/Documents/Unreal Projects/UE_InputProject/Content/ExternalContent/Materials/Stone.uexp" 109
"C:/Users/Demos/Documents/Unreal Projects/UE_InputProject/Content/ExternalContent/Environment/rocksA_forest.uasset" 110
"C:/Users/Demos/Documents/Unreal Projects/UE_InputProject/Content/ExternalContent/Environment/rocksA_forest.uexp" 111
"C:/Users/Demos/Documents/Unreal Projects/UE_InputProject/Content/ExternalContent/Environment/rocksB_desert.uasset" 112
"C:/Users/Demos/Documents/Unreal Projects/UE_InputProject/Content/ExternalContent/Environment/rocksB_desert.uexp" 113
"C:/Users/Demos/Documents/Unreal Projects/UE_InputProject/Content/ExternalContent/Environment/rocksB_forest.uasset" 114
"C:/Users/Demos/Documents/Unreal Projects/UE_InputProject/Content/ExternalContent/Environment/rocksB_forest.uexp" 115
"C:/Users/Demos/Documents/Unreal Projects/UE_InputProject/Content/ExternalContent/Materials/Black.uasset" 116
"C:/Users/Demos/Documents/Unreal Projects/UE_InputProject/Content/ExternalContent/Materials/Black.uexp" 117
"C:/Users/Demos/Documents/Unreal Projects/UE_InputProject/Content/ExternalContent/Environment/spikeRoller.uasset" 118
"C:/Users/Demos/Documents/Unreal Projects/UE_InputProject/Content/ExternalContent/Environment/spikeRoller.uexp" 119
"C:/Users/Demos/Documents/Unreal Projects/UE_InputProject/Content/ExternalContent/Materials/White.uasset" 120
"C:/Users/Demos/Documents/Unreal Projects/UE_InputProject/Content/ExternalContent/Materials/White.uexp" 121
"C:/Users/Demos/Documents/Unreal Projects/UE_InputProject/Content/ExternalContent/Environment/swiperDouble_teamBlue.uasset" 122
"C:/Users/Demos/Documents/Unreal Projects/UE_InputProject/Content/ExternalContent/Environment/swiperDouble_teamBlue.uexp" 123
"C:/Users/Demos/Documents/Unreal Projects/UE_InputProject/Content/ExternalContent/Environment/swiperDouble_teamRed.uasset" 124
"C:/Users/Demos/Documents/Unreal Projects/UE_InputProject/Content/ExternalContent/Environment/swiperDouble_teamRed.uexp" 125
"C:/Users/Demos/Documents/Unreal Projects/UE_InputProject/Content/ExternalContent/Environment/swiperDouble_teamYellow.uasset" 126
"C:/Users/Demos/Documents/Unreal Projects/UE_InputProject/Content/ExternalContent/Environment/swiperDouble_teamYellow.uexp" 127
"C:/Users/Demos/Documents/Unreal Projects/UE_InputProject/Content/ExternalContent/Environment/swiperLong_teamBlue.uasset" 128
"C:/Users/Demos/Documents/Unreal Projects/UE_InputProject/Content/ExternalContent/Environment/swiperLong_teamBlue.uexp" 129
"C:/Users/Demos/Documents/Unreal Projects/UE_InputProject/Content/ExternalContent/Environment/swiperLong_teamRed.uasset" 130
"C:/Users/Demos/Documents/Unreal Projects/UE_InputProject/Content/ExternalContent/Environment/swiperLong_teamRed.uexp" 131
"C:/Users/Demos/Documents/Unreal Projects/UE_InputProject/Content/ExternalContent/Environment/swiperLong_teamYellow.uasset" 132
"C:/Users/Demos/Documents/Unreal Projects/UE_InputProject/Content/ExternalContent/Environment/swiperLong_teamYellow.uexp" 133
"C:/Users/Demos/Documents/Unreal Projects/UE_InputProject/Content/ExternalContent/Environment/swiper_teamBlue.uasset" 134
"C:/Users/Demos/Documents/Unreal Projects/UE_InputProject/Content/ExternalContent/Environment/swiper_teamBlue.uexp" 135
"C:/Users/Demos/Documents/Unreal Projects/UE_InputProject/Content/ExternalContent/Environment/swiper_teamRed.uasset" 136
"C:/Users/Demos/Documents/Unreal Projects/UE_InputProject/Content/ExternalContent/Environment/swiper_teamRed.uexp" 137
"C:/Users/Demos/Documents/Unreal Projects/UE_InputProject/Content/ExternalContent/Environment/swiper_teamYellow.uasset" 138
"C:/Users/Demos/Documents/Unreal Projects/UE_InputProject/Content/ExternalContent/Environment/swiper_teamYellow.uexp" 139
"C:/Users/Demos/Documents/Unreal Projects/UE_InputProject/Content/ExternalContent/Environment/target.uasset" 140
"C:/Users/Demos/Documents/Unreal Projects/UE_InputProject/Content/ExternalContent/Environment/target.uexp" 141
"C:/Users/Demos/Documents/Unreal Projects/UE_InputProject/Content/ExternalContent/Environment/targetStand.uasset" 142
"C:/Users/Demos/Documents/Unreal Projects/UE_InputProject/Content/ExternalContent/Environment/targetStand.uexp" 143
"C:/Users/Demos/Documents/Unreal Projects/UE_InputProject/Content/ExternalContent/Materials/GreenDark.uasset" 144
"C:/Users/Demos/Documents/Unreal Projects/UE_InputProject/Content/ExternalContent/Materials/GreenDark.uexp" 145
"C:/Users/Demos/Documents/Unreal Projects/UE_InputProject/Content/ExternalContent/Environment/tree_desert.uasset" 146
"C:/Users/Demos/Documents/Unreal Projects/UE_InputProject/Content/ExternalContent/Environment/tree_desert.uexp" 147
"C:/Users/Demos/Documents/Unreal Projects/UE_InputProject/Content/ExternalContent/Items/diamond_teamBlue.uasset" 148
"C:/Users/Demos/Documents/Unreal Projects/UE_InputProject/Content/ExternalContent/Items/diamond_teamBlue.uexp" 149
"C:/Users/Demos/Documents/Unreal Projects/UE_InputProject/Content/ExternalContent/Items/diamond_teamRed.uasset" 150
"C:/Users/Demos/Documents/Unreal Projects/UE_InputProject/Content/ExternalContent/Items/diamond_teamRed.uexp" 151
"C:/Users/Demos/Documents/Unreal Projects/UE_InputProject/Content/ExternalContent/Items/diamond_teamYellow.uasset" 152
"C:/Users/Demos/Documents/Unreal Projects/UE_InputProject/Content/ExternalContent/Items/diamond_teamYellow.uexp" 153
"C:/Users/Demos/Documents/Unreal Projects/UE_InputProject/Content/ExternalContent/Items/heart_teamBlue.uasset" 154
"C:/Users/Demos/Documents/Unreal Projects/UE_InputProject/Content/ExternalContent/Items/heart_teamBlue.uexp" 155
"C:/Users/Demos/Documents/Unreal Projects/UE_InputProject/Content/ExternalContent/Items/heart_teamRed.uasset" 156
"C:/Users/Demos/Documents/Unreal Projects/UE_InputProject/Content/ExternalContent/Items/heart_teamRed.uexp" 157
"C:/Users/Demos/Documents/Unreal Projects/UE_InputProject/Content/ExternalContent/Items/heart_teamYellow.uasset" 158
"C:/Users/Demos/Documents/Unreal Projects/UE_InputProject/Content/ExternalContent/Items/heart_teamYellow.uexp" 159
"C:/Users/Demos/Documents/Unreal Projects/UE_InputProject/Content/ExternalContent/Items/lightning.uasset" 160
"C:/Users/Demos/Documents/Unreal Projects/UE_InputProject/Content/ExternalContent/Items/lightning.uexp" 161
"C:/Users/Demos/Documents/Unreal Projects/UE_InputProject/Content/ExternalContent/Items/star.uasset" 162
"C:/Users/Demos/Documents/Unreal Projects/UE_InputProject/Content/ExternalContent/Items/star.uexp" 163
"C:/Users/Demos/Documents/Unreal Projects/UE_InputProject/Content/ExternalContent/Objects/arrow_teamBlue.uasset" 164
"C:/Users/Demos/Documents/Unreal Projects/UE_InputProject/Content/ExternalContent/Objects/arrow_teamBlue.uexp" 165
"C:/Users/Demos/Documents/Unreal Projects/UE_InputProject/Content/ExternalContent/Objects/arrow_teamRed.uasset" 166
"C:/Users/Demos/Documents/Unreal Projects/UE_InputProject/Content/ExternalContent/Objects/arrow_teamRed.uexp" 167
"C:/Users/Demos/Documents/Unreal Projects/UE_InputProject/Content/ExternalContent/Objects/arrow_teamYellow.uasset" 168
"C:/Users/Demos/Documents/Unreal Projects/UE_InputProject/Content/ExternalContent/Objects/arrow_teamYellow.uexp" 169
"C:/Users/Demos/Documents/Unreal Projects/UE_InputProject/Content/ExternalContent/Objects/ball.uasset" 170
"C:/Users/Demos/Documents/Unreal Projects/UE_InputProject/Content/ExternalContent/Objects/ball.uexp" 171
"C:/Users/Demos/Documents/Unreal Projects/UE_InputProject/Content/ExternalContent/Objects/ball_teamBlue.uasset" 172
"C:/Users/Demos/Documents/Unreal Projects/UE_InputProject/Content/ExternalContent/Objects/ball_teamBlue.uexp" 173
"C:/Users/Demos/Documents/Unreal Projects/UE_InputProject/Content/ExternalContent/Objects/ball_teamRed.uasset" 174
"C:/Users/Demos/Documents/Unreal Projects/UE_InputProject/Content/ExternalContent/Objects/ball_teamRed.uexp" 175
"C:/Users/Demos/Documents/Unreal Projects/UE_InputProject/Content/ExternalContent/Objects/ball_teamYellow.uasset" 176
"C:/Users/Demos/Documents/Unreal Projects/UE_InputProject/Content/ExternalContent/Objects/ball_teamYellow.uexp" 177
"C:/Users/Demos/Documents/Unreal Projects/UE_InputProject/Content/ExternalContent/Materials/Beige.uasset" 178
"C:/Users/Demos/Documents/Unreal Projects/UE_InputProject/Content/ExternalContent/Materials/Beige.uexp" 179
"C:/Users/Demos/Documents/Unreal Projects/UE_InputProject/Content/ExternalContent/Objects/bomb_teamBlue.uasset" 180
"C:/Users/Demos/Documents/Unreal Projects/UE_InputProject/Content/ExternalContent/Objects/bomb_teamBlue.uexp" 181
"C:/Users/Demos/Documents/Unreal Projects/UE_InputProject/Content/ExternalContent/Objects/bomb_teamRed.uasset" 182
"C:/Users/Demos/Documents/Unreal Projects/UE_InputProject/Content/ExternalContent/Objects/bomb_teamRed.uexp" 183
"C:/Users/Demos/Documents/Unreal Projects/UE_InputProject/Content/ExternalContent/Objects/bomb_teamYellow.uasset" 184
"C:/Users/Demos/Documents/Unreal Projects/UE_InputProject/Content/ExternalContent/Objects/bomb_teamYellow.uexp" 185
"C:/Users/Demos/Documents/Unreal Projects/UE_InputProject/Content/ExternalContent/Objects/button_teamBlue.uasset" 186
"C:/Users/Demos/Documents/Unreal Projects/UE_InputProject/Content/ExternalContent/Objects/button_teamBlue.uexp" 187
"C:/Users/Demos/Documents/Unreal Projects/UE_InputProject/Content/ExternalContent/Objects/button_teamRed.uasset" 188
"C:/Users/Demos/Documents/Unreal Projects/UE_InputProject/Content/ExternalContent/Objects/button_teamRed.uexp" 189
"C:/Users/Demos/Documents/Unreal Projects/UE_InputProject/Content/ExternalContent/Objects/button_teamYellow.uasset" 190
"C:/Users/Demos/Documents/Unreal Projects/UE_InputProject/Content/ExternalContent/Objects/button_teamYellow.uexp" 191
"C:/Users/Demos/Documents/Unreal Projects/UE_InputProject/Content/ExternalContent/Objects/powerupBomb.uasset" 192
"C:/Users/Demos/Documents/Unreal Projects/UE_InputProject/Content/ExternalContent/Objects/powerupBomb.uexp" 193
"C:/Users/Demos/Documents/Unreal Projects/UE_InputProject/Content/ExternalContent/Materials/Green.uasset" 194
"C:/Users/Demos/Documents/Unreal Projects/UE_InputProject/Content/ExternalContent/Materials/Green.uexp" 195
"C:/Users/Demos/Documents/Unreal Projects/UE_InputProject/Content/ExternalContent/Tiles/tileHigh_forest.uasset" 196
"C:/Users/Demos/Documents/Unreal Projects/UE_InputProject/Content/ExternalContent/Tiles/tileHigh_forest.uexp" 197
"C:/Users/Demos/Documents/Unreal Projects/UE_InputProject/Content/ExternalContent/Tiles/tileHigh_teamBlue.uasset" 198
"C:/Users/Demos/Documents/Unreal Projects/UE_InputProject/Content/ExternalContent/Tiles/tileHigh_teamBlue.uexp" 199
"C:/Users/Demos/Documents/Unreal Projects/UE_InputProject/Content/ExternalContent/Tiles/tileHigh_teamRed.uasset" 200
"C:/Users/Demos/Documents/Unreal Projects/UE_InputProject/Content/ExternalContent/Tiles/tileHigh_teamRed.uexp" 201
"C:/Users/Demos/Documents/Unreal Projects/UE_InputProject/Content/ExternalContent/Tiles/tileHigh_teamYellow.uasset" 202
"C:/Users/Demos/Documents/Unreal Projects/UE_InputProject/Content/ExternalContent/Tiles/tileHigh_teamYellow.uexp" 203
"C:/Users/Demos/Documents/Unreal Projects/UE_InputProject/Content/ExternalContent/Tiles/tileLarge_desert.uasset" 204
"C:/Users/Demos/Documents/Unreal Projects/UE_InputProject/Content/ExternalContent/Tiles/tileLarge_desert.uexp" 205
"C:/Users/Demos/Documents/Unreal Projects/UE_InputProject/Content/ExternalContent/Tiles/tileLarge_teamBlue.uasset" 206
"C:/Users/Demos/Documents/Unreal Projects/UE_InputProject/Content/ExternalContent/Tiles/tileLarge_teamBlue.uexp" 207
"C:/Users/Demos/Documents/Unreal Projects/UE_InputProject/Content/ExternalContent/Tiles/tileLarge_teamRed.uasset" 208
"C:/Users/Demos/Documents/Unreal Projects/UE_InputProject/Content/ExternalContent/Tiles/tileLarge_teamRed.uexp" 209
"C:/Users/Demos/Documents/Unreal Projects/UE_InputProject/Content/ExternalContent/Tiles/tileLarge_teamYellow.uasset" 210
"C:/Users/Demos/Documents/Unreal Projects/UE_InputProject/Content/ExternalContent/Tiles/tileLarge_teamYellow.uexp" 211
"C:/Users/Demos/Documents/Unreal Projects/UE_InputProject/Content/ExternalContent/Tiles/tileLow_teamBlue.uasset" 212
"C:/Users/Demos/Documents/Unreal Projects/UE_InputProject/Content/ExternalContent/Tiles/tileLow_teamBlue.uexp" 213
"C:/Users/Demos/Documents/Unreal Projects/UE_InputProject/Content/ExternalContent/Tiles/tileLow_teamRed.uasset" 214
"C:/Users/Demos/Documents/Unreal Projects/UE_InputProject/Content/ExternalContent/Tiles/tileLow_teamRed.uexp" 215
"C:/Users/Demos/Documents/Unreal Projects/UE_InputProject/Content/ExternalContent/Tiles/tileLow_teamYellow.uasset" 216
"C:/Users/Demos/Documents/Unreal Projects/UE_InputProject/Content/ExternalContent/Tiles/tileLow_teamYellow.uexp" 217
"C:/Users/Demos/Documents/Unreal Projects/UE_InputProject/Content/ExternalContent/Tiles/tileMedium_desert.uasset" 218
"C:/Users/Demos/Documents/Unreal Projects/UE_InputProject/Content/ExternalContent/Tiles/tileMedium_desert.uexp" 219
"C:/Users/Demos/Documents/Unreal Projects/UE_InputProject/Content/ExternalContent/Tiles/tileMedium_forest.uasset" 220
"C:/Users/Demos/Documents/Unreal Projects/UE_InputProject/Content/ExternalContent/Tiles/tileMedium_forest.uexp" 221
"C:/Users/Demos/Documents/Unreal Projects/UE_InputProject/Content/ExternalContent/Tiles/tileMedium_teamBlue.uasset" 222
"C:/Users/Demos/Documents/Unreal Projects/UE_InputProject/Content/ExternalContent/Tiles/tileMedium_teamBlue.uexp" 223
"C:/Users/Demos/Documents/Unreal Projects/UE_InputProject/Content/ExternalContent/Tiles/tileMedium_teamRed.uasset" 224
"C:/Users/Demos/Documents/Unreal Projects/UE_InputProject/Content/ExternalContent/Tiles/tileMedium_teamRed.uexp" 225
"C:/Users/Demos/Documents/Unreal Projects/UE_InputProject/Content/ExternalContent/Tiles/tileMedium_teamYellow.uasset" 226
"C:/Users/Demos/Documents/Unreal Projects/UE_InputProject/Content/ExternalContent/Tiles/tileMedium_teamYellow.uexp" 227
"C:/Users/Demos/Documents/Unreal Projects/UE_InputProject/Content/ExternalContent/Tiles/tileSlopeLowHigh_forest.uasset" 228
"C:/Users/Demos/Documents/Unreal Projects/UE_InputProject/Content/ExternalContent/Tiles/tileSlopeLowHigh_forest.uexp" 229
"C:/Users/Demos/Documents/Unreal Projects/UE_InputProject/Content/ExternalContent/Tiles/tileSlopeLowHigh_teamBlue.uasset" 230
"C:/Users/Demos/Documents/Unreal Projects/UE_InputProject/Content/ExternalContent/Tiles/tileSlopeLowHigh_teamBlue.uexp" 231
"C:/Users/Demos/Documents/Unreal Projects/UE_InputProject/Content/ExternalContent/Tiles/tileSlopeLowHigh_teamRed.uasset" 232
"C:/Users/Demos/Documents/Unreal Projects/UE_InputProject/Content/ExternalContent/Tiles/tileSlopeLowHigh_teamRed.uexp" 233
"C:/Users/Demos/Documents/Unreal Projects/UE_InputProject/Content/ExternalContent/Tiles/tileSlopeLowHigh_teamYellow.uasset" 234
"C:/Users/Demos/Documents/Unreal Projects/UE_InputProject/Content/ExternalContent/Tiles/tileSlopeLowHigh_teamYellow.uexp" 235
"C:/Users/Demos/Documents/Unreal Projects/UE_InputProject/Content/ExternalContent/Tiles/tileSlopeLowMedium_forest.uasset" 236
"C:/Users/Demos/Documents/Unreal Projects/UE_InputProject/Content/ExternalContent/Tiles/tileSlopeLowMedium_forest.uexp" 237
"C:/Users/Demos/Documents/Unreal Projects/UE_InputProject/Content/ExternalContent/Tiles/tileSlopeLowMedium_teamBlue.uasset" 238
"C:/Users/Demos/Documents/Unreal Projects/UE_InputProject/Content/ExternalContent/Tiles/tileSlopeLowMedium_teamBlue.uexp" 239
"C:/Users/Demos/Documents/Unreal Projects/UE_InputProject/Content/ExternalContent/Tiles/tileSlopeLowMedium_teamYellow.uasset" 240
"C:/Users/Demos/Documents/Unreal Projects/UE_InputProject/Content/ExternalContent/Tiles/tileSlopeLowMedium_teamYellow.uexp" 241
"C:/Users/Demos/Documents/Unreal Projects/UE_InputProject/Content/ExternalContent/Tiles/tileSlopeLowMedium__teamRed.uasset" 242
"C:/Users/Demos/Documents/Unreal Projects/UE_InputProject/Content/ExternalContent/Tiles/tileSlopeLowMedium__teamRed.uexp" 243
"C:/Users/Demos/Documents/Unreal Projects/UE_InputProject/Content/ExternalContent/Tiles/tileSlopeMediumHigh_desert.uasset" 244
"C:/Users/Demos/Documents/Unreal Projects/UE_InputProject/Content/ExternalContent/Tiles/tileSlopeMediumHigh_desert.uexp" 245
"C:/Users/Demos/Documents/Unreal Projects/UE_InputProject/Content/ExternalContent/Tiles/tileSlopeMediumHigh_forest.uasset" 246
"C:/Users/Demos/Documents/Unreal Projects/UE_InputProject/Content/ExternalContent/Tiles/tileSlopeMediumHigh_forest.uexp" 247
"C:/Users/Demos/Documents/Unreal Projects/UE_InputProject/Content/ExternalContent/Tiles/tileSlopeMediumHigh_teamBlue.uasset" 248
"C:/Users/Demos/Documents/Unreal Projects/UE_InputProject/Content/ExternalContent/Tiles/tileSlopeMediumHigh_teamBlue.uexp" 249
"C:/Users/Demos/Documents/Unreal Projects/UE_InputProject/Content/ExternalContent/Tiles/tileSlopeMediumHigh_teamRed.uasset" 250
"C:/Users/Demos/Documents/Unreal Projects/UE_InputProject/Content/ExternalContent/Tiles/tileSlopeMediumHigh_teamRed.uexp" 251
"C:/Users/Demos/Documents/Unreal Projects/UE_InputProject/Content/ExternalContent/Tiles/tileSlopeMediumHigh_teamYellow.uasset" 252
"C:/Users/Demos/Documents/Unreal Projects/UE_InputProject/Content/ExternalContent/Tiles/tileSlopeMediumHigh_teamYellow.uexp" 253
"C:/Users/Demos/Documents/Unreal Projects/UE_InputProject/Content/ExternalContent/Tiles/tileSmall_desert.uasset" 254
"C:/Users/Demos/Documents/Unreal Projects/UE_InputProject/Content/ExternalContent/Tiles/tileSmall_desert.uexp" 255
"C:/Users/Demos/Documents/Unreal Projects/UE_InputProject/Content/ExternalContent/Tiles/tileSmall_forest.uasset" 256
"C:/Users/Demos/Documents/Unreal Projects/UE_InputProject/Content/ExternalContent/Tiles/tileSmall_forest.uexp" 257
"C:/Users/Demos/Documents/Unreal Projects/UE_InputProject/Content/ExternalContent/Tiles/tileSmall_teamBlue.uasset" 258
"C:/Users/Demos/Documents/Unreal Projects/UE_InputProject/Content/ExternalContent/Tiles/tileSmall_teamBlue.uexp" 259
"C:/Users/Demos/Documents/Unreal Projects/UE_InputProject/Content/ExternalContent/Tiles/tileSmall_teamRed.uasset" 260
"C:/Users/Demos/Documents/Unreal Projects/UE_InputProject/Content/ExternalContent/Tiles/tileSmall_teamRed.uexp" 261
"C:/Users/Demos/Documents/Unreal Projects/UE_InputProject/Content/ExternalContent/Tiles/tileSmall_teamYellow.uasset" 262
"C:/Users/Demos/Documents/Unreal Projects/UE_InputProject/Content/ExternalContent/Tiles/tileSmall_teamYellow.uexp" 263
"C:/Users/Demos/Documents/Unreal Projects/UE_InputProject/Content/ExternalContent/Weapons/blaster_teamBlue.uasset" 264
"C:/Users/Demos/Documents/Unreal Projects/UE_InputProject/Content/ExternalContent/Weapons/blaster_teamBlue.uexp" 265
"C:/Users/Demos/Documents/Unreal Projects/UE_InputProject/Content/ExternalContent/Weapons/blaster_teamRed.uasset" 266
"C:/Users/Demos/Documents/Unreal Projects/UE_InputProject/Content/ExternalContent/Weapons/blaster_teamRed.uexp" 267
"C:/Users/Demos/Documents/Unreal Projects/UE_InputProject/Content/ExternalContent/Weapons/blaster_teamYellow.uasset" 268
"C:/Users/Demos/Documents/Unreal Projects/UE_InputProject/Content/ExternalContent/Weapons/blaster_teamYellow.uexp" 269
"C:/Users/Demos/Documents/Unreal Projects/UE_InputProject/Content/ExternalContent/Weapons/bow_teamBlue.uasset" 270
"C:/Users/Demos/Documents/Unreal Projects/UE_InputProject/Content/ExternalContent/Weapons/bow_teamBlue.uexp" 271
"C:/Users/Demos/Documents/Unreal Projects/UE_InputProject/Content/ExternalContent/Weapons/bow_teamRed.uasset" 272
"C:/Users/Demos/Documents/Unreal Projects/UE_InputProject/Content/ExternalContent/Weapons/bow_teamRed.uexp" 273
"C:/Users/Demos/Documents/Unreal Projects/UE_InputProject/Content/ExternalContent/Weapons/bow_teamYellow.uasset" 274
"C:/Users/Demos/Documents/Unreal Projects/UE_InputProject/Content/ExternalContent/Weapons/bow_teamYellow.uexp" 275
"C:/Users/Demos/Documents/Unreal Projects/UE_InputProject/Content/ExternalContent/Weapons/slingshot_teamBlue.uasset" 276
"C:/Users/Demos/Documents/Unreal Projects/UE_InputProject/Content/ExternalContent/Weapons/slingshot_teamBlue.uexp" 277
"C:/Users/Demos/Documents/Unreal Projects/UE_InputProject/Content/ExternalContent/Weapons/slingshot_teamRed.uasset" 278
"C:/Users/Demos/Documents/Unreal Projects/UE_InputProject/Content/ExternalContent/Weapons/slingshot_teamRed.uexp" 279
"C:/Users/Demos/Documents/Unreal Projects/UE_InputProject/Content/ExternalContent/Weapons/slingshot_teamYellow.uasset" 280
"C:/Users/Demos/Documents/Unreal Projects/UE_InputProject/Content/ExternalContent/Weapons/slingshot_teamYellow.uexp" 281
"C:/Users/Demos/Documents/Unreal Projects/UE_InputProject/Content/ExternalContent/Weapons/sword_teamBlue.uasset" 282
"C:/Users/Demos/Documents/Unreal Projects/UE_InputProject/Content/ExternalContent/Weapons/sword_teamBlue.uexp" 283
"C:/Users/Demos/Documents/Unreal Projects/UE_InputProject/Content/ExternalContent/Weapons/sword_teamRed.uasset" 284
"C:/Users/Demos/Documents/Unreal Projects/UE_InputProject/Content/ExternalContent/Weapons/sword_teamRed.uexp" 285
"C:/Users/Demos/Documents/Unreal Projects/UE_InputProject/Content/ExternalContent/Weapons/sword_teamYellow.uasset" 286
"C:/Users/Demos/Documents/Unreal Projects/UE_InputProject/Content/ExternalContent/Weapons/sword_teamYellow.uexp" 287
"../../../Engine/Content/EngineMaterials/T_Default_Material_Grid_N.uasset" 288
"../../../Engine/Content/EngineMaterials/T_Default_Material_Grid_N.uexp" 289
"../../../Engine/Content/EngineMaterials/T_Default_Material_Grid_N.ubulk" 290
"../../../Engine/Content/EngineMaterials/T_Default_Material_Grid_M.uasset" 291
"../../../Engine/Content/EngineMaterials/T_Default_Material_Grid_M.uexp" 292
"../../../Engine/Content/EngineMaterials/T_Default_Material_Grid_M.ubulk" 293
"../../../Engine/Content/Functions/Engine_MaterialFunctions01/Opacity/CameraDepthFade.uasset" 294
"../../../Engine/Content/Functions/Engine_MaterialFunctions01/Opacity/CameraDepthFade.uexp" 295
"../../../Engine/Content/EngineMaterials/WorldGridMaterial.uasset" 296
"../../../Engine/Content/EngineMaterials/WorldGridMaterial.uexp" 297
"../../../Engine/Content/ArtTools/RenderToTexture/Meshes/S_1_Unit_Plane.uasset" 298
"../../../Engine/Content/ArtTools/RenderToTexture/Meshes/S_1_Unit_Plane.uexp" 299
"../../../Engine/Content/EngineMaterials/DefaultMaterial.uasset" 300
"../../../Engine/Content/EngineMaterials/DefaultMaterial.uexp" 301
"../../../Engine/Content/BasicShapes/Cone.uasset" 302
"../../../Engine/Content/BasicShapes/Cone.uexp" 303
"../../../Engine/Content/BasicShapes/Cube.uasset" 304
"../../../Engine/Content/BasicShapes/Cube.uexp" 305
"../../../Engine/Content/BasicShapes/Plane.uasset" 306
"../../../Engine/Content/BasicShapes/Plane.uexp" 307
"../../../Engine/Content/BasicShapes/Sphere.uasset" 308
"../../../Engine/Content/BasicShapes/Sphere.uexp" 309
"../../../Engine/Content/EditorLandscapeResources/DataLayer.uasset" 310
"../../../Engine/Content/EditorLandscapeResources/DataLayer.uexp" 311
"../../../Engine/Content/EditorLandscapeResources/DefaultAlphaTexture.uasset" 312
"../../../Engine/Content/EditorLandscapeResources/DefaultAlphaTexture.uexp" 313
"../../../Engine/Content/EditorMaterials/MAT_Groups_Toggle.uasset" 314
"../../../Engine/Content/EditorMaterials/MAT_Groups_Toggle.uexp" 315
"../../../Engine/Content/EditorMaterials/MAT_Groups_Visibility.uasset" 316
"../../../Engine/Content/EditorMaterials/MAT_Groups_Visibility.uexp" 317
"../../../Engine/Content/EditorMaterials/PreviewShadowIndicator.uasset" 318
"../../../Engine/Content/EditorMaterials/PreviewShadowIndicator.uexp" 319
"../../../Engine/Content/EditorMaterials/PreviewShadowIndicator.ubulk" 320
"../../../Engine/Content/EditorMaterials/PreviewShadowIndicatorMaterial.uasset" 321
"../../../Engine/Content/EditorMaterials/PreviewShadowIndicatorMaterial.uexp" 322
"../../../Engine/Content/EditorMaterials/MatineeGroups/MAT_ColorTrack.uasset" 323
"../../../Engine/Content/EditorMaterials/MatineeGroups/MAT_ColorTrack.uexp" 324
"../../../Engine/Content/EditorMaterials/MatineeGroups/MAT_Groups_Anim.uasset" 325
"../../../Engine/Content/EditorMaterials/MatineeGroups/MAT_Groups_Anim.uexp" 326
"../../../Engine/Content/EditorMaterials/MatineeGroups/MAT_Groups_AudioMaster.uasset" 327
"../../../Engine/Content/EditorMaterials/MatineeGroups/MAT_Groups_AudioMaster.uexp" 328
"../../../Engine/Content/EditorMaterials/MatineeGroups/MAT_Groups_Director.uasset" 329
"../../../Engine/Content/EditorMaterials/MatineeGroups/MAT_Groups_Director.uexp" 330
"../../../Engine/Content/EditorMaterials/MatineeGroups/MAT_Groups_Event.uasset" 331
"../../../Engine/Content/EditorMaterials/MatineeGroups/MAT_Groups_Event.uexp" 332
"../../../Engine/Content/EditorMaterials/MatineeGroups/MAT_Groups_Fade.uasset" 333
"../../../Engine/Content/EditorMaterials/MatineeGroups/MAT_Groups_Fade.uexp" 334
"../../../Engine/Content/EditorMaterials/MatineeGroups/MAT_Groups_Float.uasset" 335
"../../../Engine/Content/EditorMaterials/MatineeGroups/MAT_Groups_Float.uexp" 336
"../../../Engine/Content/EditorMaterials/MatineeGroups/MAT_Groups_Move.uasset" 337
"../../../Engine/Content/EditorMaterials/MatineeGroups/MAT_Groups_Move.uexp" 338
"../../../Engine/Content/EditorMaterials/MatineeGroups/MAT_Groups_Slomo.uasset" 339
"../../../Engine/Content/EditorMaterials/MatineeGroups/MAT_Groups_Slomo.uexp" 340
"../../../Engine/Content/EditorMaterials/MatineeGroups/MAT_Groups_Sound.uasset" 341
"../../../Engine/Content/EditorMaterials/MatineeGroups/MAT_Groups_Sound.uexp" 342
"../../../Engine/Content/EditorMaterials/MatineeGroups/MAT_Groups_Vector.uasset" 343
"../../../Engine/Content/EditorMaterials/MatineeGroups/MAT_Groups_Vector.uexp" 344
"../../../Engine/Content/EditorMaterials/ParticleSystems/PSysThumbnail_NoImage.uasset" 345
"../../../Engine/Content/EditorMaterials/ParticleSystems/PSysThumbnail_NoImage.uexp" 346
"../../../Engine/Content/EditorMaterials/ParticleSystems/PSysThumbnail_NoImage.ubulk" 347
"../../../Engine/Content/EditorMaterials/ParticleSystems/PSysThumbnail_OOD.uasset" 348
"../../../Engine/Content/EditorMaterials/ParticleSystems/PSysThumbnail_OOD.uexp" 349
"../../../Engine/Content/EditorMaterials/ParticleSystems/PSysThumbnail_OOD.ubulk" 350
"../../../Engine/Content/EditorMaterials/Camera/CineMat.uasset" 351
"../../../Engine/Content/EditorMaterials/Camera/CineMat.uexp" 352
"../../../Engine/Content/EditorMaterials/Camera/MI_CineMat_Rig.uasset" 353
"../../../Engine/Content/EditorMaterials/Camera/MI_CineMat_Rig.uexp" 354
"../../../Engine/Content/EditorMeshes/Camera/SM_CraneRig_Arm.uasset" 355
"../../../Engine/Content/EditorMeshes/Camera/SM_CraneRig_Arm.uexp" 356
"../../../Engine/Content/EditorMeshes/Camera/SM_CraneRig_Base.uasset" 357
"../../../Engine/Content/EditorMeshes/Camera/SM_CraneRig_Base.uexp" 358
"../../../Engine/Content/EditorMeshes/Camera/SM_CraneRig_Body.uasset" 359
"../../../Engine/Content/EditorMeshes/Camera/SM_CraneRig_Body.uexp" 360
"../../../Engine/Content/EditorMeshes/Camera/SM_CraneRig_Mount.uasset" 361
"../../../Engine/Content/EditorMeshes/Camera/SM_CraneRig_Mount.uexp" 362
"../../../Engine/Content/EditorMeshes/Camera/SM_RailRig_Mount.uasset" 363
"../../../Engine/Content/EditorMeshes/Camera/SM_RailRig_Mount.uexp" 364
"../../../Engine/Content/EditorMeshes/Camera/SM_RailRig_Track.uasset" 365
"../../../Engine/Content/EditorMeshes/Camera/SM_RailRig_Track.uexp" 366
"../../../Engine/Content/EditorResources/BSPVertex.uasset" 367
"../../../Engine/Content/EditorResources/BSPVertex.uexp" 368
"../../../Engine/Content/EditorResources/EmptyActor.uasset" 369
"../../../Engine/Content/EditorResources/EmptyActor.uexp" 370
"../../../Engine/Content/EditorResources/S_Actor.uasset" 371
"../../../Engine/Content/EditorResources/S_Actor.uexp" 372
"../../../Engine/Content/EditorResources/S_Actor.ubulk" 373
"../../../Engine/Content/EditorResources/S_Note.uasset" 374
"../../../Engine/Content/EditorResources/S_Note.uexp" 375
"../../../Engine/Content/EditorResources/S_Note.ubulk" 376
"../../../Engine/Content/EditorResources/S_Solver.uasset" 377
"../../../Engine/Content/EditorResources/S_Solver.uexp" 378
"../../../Engine/Content/EditorResources/S_Solver.ubulk" 379
"../../../Engine/Content/EditorResources/S_Terrain.uasset" 380
"../../../Engine/Content/EditorResources/S_Terrain.uexp" 381
"../../../Engine/Content/EditorResources/S_Terrain.ubulk" 382
"../../../Engine/Content/EditorResources/S_Trigger.uasset" 383
"../../../Engine/Content/EditorResources/S_Trigger.uexp" 384
"../../../Engine/Content/EditorResources/S_Trigger.ubulk" 385
"../../../Engine/Content/EditorResources/LightIcons/S_LightError.uasset" 386
"../../../Engine/Content/EditorResources/LightIcons/S_LightError.uexp" 387
"../../../Engine/Content/EditorResources/SequenceRecorder/Countdown.uasset" 388
"../../../Engine/Content/EditorResources/SequenceRecorder/Countdown.uexp" 389
"../../../Engine/Content/EditorResources/SequenceRecorder/RecordingIndicator.uasset" 390
"../../../Engine/Content/EditorResources/SequenceRecorder/RecordingIndicator.uexp" 391
"../../../Engine/Content/EngineDamageTypes/DmgTypeBP_Environmental.uasset" 392
"../../../Engine/Content/EngineDamageTypes/DmgTypeBP_Environmental.uexp" 393
"../../../Engine/Content/EngineDebugMaterials/DebugEditorMaterial.uasset" 394
"../../../Engine/Content/EngineDebugMaterials/DebugEditorMaterial.uexp" 395
"../../../Engine/Content/EngineDebugMaterials/DebugMeshMaterial.uasset" 396
"../../../Engine/Content/EngineDebugMaterials/DebugMeshMaterial.uexp" 397
"../../../Engine/Content/EngineDebugMaterials/M_SimpleUnlitTranslucent.uasset" 398
"../../../Engine/Content/EngineDebugMaterials/M_SimpleUnlitTranslucent.uexp" 399
"../../../Engine/Content/EngineDebugMaterials/VolumeToRender.uasset" 400
"../../../Engine/Content/EngineDebugMaterials/VolumeToRender.uexp" 401
"../../../Engine/Content/Functions/Engine_MaterialFunctions02/Utility/CameraDirectionVector.uasset" 402
"../../../Engine/Content/Functions/Engine_MaterialFunctions02/Utility/CameraDirectionVector.uexp" 403
"../../../Engine/Content/EngineDebugMaterials/M_VolumeRenderSphereTracePP.uasset" 404
"../../../Engine/Content/EngineDebugMaterials/M_VolumeRenderSphereTracePP.uexp" 405
"../../../Engine/Content/Functions/Engine_MaterialFunctions01/Shading/ConvertFromDiffSpec.uasset" 406
"../../../Engine/Content/Functions/Engine_MaterialFunctions01/Shading/ConvertFromDiffSpec.uexp" 407
"../../../Engine/Content/EngineDebugMaterials/VertexColorMaterial.uasset" 408
"../../../Engine/Content/EngineDebugMaterials/VertexColorMaterial.uexp" 409
"../../../Engine/Content/EngineDebugMaterials/WireframeMaterial.uasset" 410
"../../../Engine/Content/EngineDebugMaterials/WireframeMaterial.uexp" 411
"../../../Engine/Content/EngineFonts/Faces/RobotoRegular.uasset" 412
"../../../Engine/Content/EngineFonts/Faces/RobotoRegular.uexp" 413
"../../../Engine/Content/EngineFonts/Faces/RobotoRegular.ufont" 414
"../../../Engine/Content/EngineFonts/Faces/RobotoLight.uasset" 415
"../../../Engine/Content/EngineFonts/Faces/RobotoLight.uexp" 416
"../../../Engine/Content/EngineFonts/Faces/RobotoLight.ufont" 417
"../../../Engine/Content/EngineFonts/Faces/RobotoItalic.uasset" 418
"../../../Engine/Content/EngineFonts/Faces/RobotoItalic.uexp" 419
"../../../Engine/Content/EngineFonts/Faces/RobotoItalic.ufont" 420
"../../../Engine/Content/EngineFonts/Faces/RobotoBoldItalic.uasset" 421
"../../../Engine/Content/EngineFonts/Faces/RobotoBoldItalic.uexp" 422
"../../../Engine/Content/EngineFonts/Faces/RobotoBoldItalic.ufont" 423
"../../../Engine/Content/EngineFonts/Faces/RobotoBold.uasset" 424
"../../../Engine/Content/EngineFonts/Faces/RobotoBold.uexp" 425
"../../../Engine/Content/EngineFonts/Faces/RobotoBold.ufont" 426
"../../../Engine/Content/EngineFonts/Faces/DroidSansFallback.uasset" 427
"../../../Engine/Content/EngineFonts/Faces/DroidSansFallback.uexp" 428
"../../../Engine/Content/EngineFonts/Faces/DroidSansFallback.ufont" 429
"../../../Engine/Content/EngineFonts/Roboto.uasset" 430
"../../../Engine/Content/EngineFonts/Roboto.uexp" 431
"../../../Engine/Content/EngineMaterials/BaseFlattenNormalMap.uasset" 432
"../../../Engine/Content/EngineMaterials/BaseFlattenNormalMap.uexp" 433
"../../../Engine/Content/EngineMaterials/BaseFlattenGrayscaleMap.uasset" 434
"../../../Engine/Content/EngineMaterials/BaseFlattenGrayscaleMap.uexp" 435
"../../../Engine/Content/EngineMaterials/BaseFlattenEmissiveMap.uasset" 436
"../../../Engine/Content/EngineMaterials/BaseFlattenEmissiveMap.uexp" 437
"../../../Engine/Content/EngineMaterials/BaseFlattenDiffuseMap.uasset" 438
"../../../Engine/Content/EngineMaterials/BaseFlattenDiffuseMap.uexp" 439
"../../../Engine/Content/EngineMaterials/BaseFlattenMaterial.uasset" 440
"../../../Engine/Content/EngineMaterials/BaseFlattenMaterial.uexp" 441
"../../../Engine/Content/EngineMaterials/BlueNoise.uasset" 442
"../../../Engine/Content/EngineMaterials/BlueNoise.uexp" 443
"../../../Engine/Content/EngineMaterials/DefaultBloomKernel.uasset" 444
"../../../Engine/Content/EngineMaterials/DefaultBloomKernel.uexp" 445
"../../../Engine/Content/EngineMaterials/DefaultBokeh.uasset" 446
"../../../Engine/Content/EngineMaterials/DefaultBokeh.uexp" 447
"../../../Engine/Content/EngineMaterials/DefaultDiffuse.uasset" 448
"../../../Engine/Content/EngineMaterials/DefaultDiffuse.uexp" 449
"../../../Engine/Content/EngineMaterials/DefaultDiffuse.ubulk" 450
"../../../Engine/Content/EngineMaterials/DefaultDeferredDecalMaterial.uasset" 451
"../../../Engine/Content/EngineMaterials/DefaultDeferredDecalMaterial.uexp" 452
"../../../Engine/Content/EngineMaterials/DefaultLightFunctionMaterial.uasset" 453
"../../../Engine/Content/EngineMaterials/DefaultLightFunctionMaterial.uexp" 454
"../../../Engine/Content/EngineMaterials/DefaultPhysicalMaterial.uasset" 455
"../../../Engine/Content/EngineMaterials/DefaultPhysicalMaterial.uexp" 456
"../../../Engine/Content/Functions/Engine_MaterialFunctions02/Utility/BreakOutFloat2Components.uasset" 457
"../../../Engine/Content/Functions/Engine_MaterialFunctions02/Utility/BreakOutFloat2Components.uexp" 458
"../../../Engine/Content/EngineMaterials/DefaultPostProcessMaterial.uasset" 459
"../../../Engine/Content/EngineMaterials/DefaultPostProcessMaterial.uexp" 460
"../../../Engine/Content/EngineFonts/RobotoDistanceField.uasset" 461
"../../../Engine/Content/EngineFonts/RobotoDistanceField.uexp" 462
"../../../Engine/Content/EngineMaterials/DefaultTextMaterialOpaque.uasset" 463
"../../../Engine/Content/EngineMaterials/DefaultTextMaterialOpaque.uexp" 464
"../../../Engine/Content/EngineMaterials/DefaultWhiteGrid.uasset" 465
"../../../Engine/Content/EngineMaterials/DefaultWhiteGrid.uexp" 466
"../../../Engine/Content/EngineMaterials/DefaultWhiteGrid.ubulk" 467
"../../../Engine/Content/EngineMaterials/DefaultWhiteGrid_Low.uasset" 468
"../../../Engine/Content/EngineMaterials/DefaultWhiteGrid_Low.uexp" 469
"../../../Engine/Content/EngineMaterials/EmissiveMeshMaterial.uasset" 470
"../../../Engine/Content/EngineMaterials/EmissiveMeshMaterial.uexp" 471
"../../../Engine/Content/EngineMaterials/GizmoMaterial.uasset" 472
"../../../Engine/Content/EngineMaterials/GizmoMaterial.uexp" 473
"../../../Engine/Content/EngineMaterials/Good64x64TilingNoiseHighFreq.uasset" 474
"../../../Engine/Content/EngineMaterials/Good64x64TilingNoiseHighFreq.uexp" 475
"../../../Engine/Content/EngineMaterials/MiniFont.uasset" 476
"../../../Engine/Content/EngineMaterials/MiniFont.uexp" 477
"../../../Engine/Content/EngineMaterials/InvalidLightmapSettings.uasset" 478
"../../../Engine/Content/EngineMaterials/InvalidLightmapSettings.uexp" 479
"../../../Engine/Content/EngineMaterials/InvalidLightmapSettings.ubulk" 480
"../../../Engine/Content/EngineMaterials/M_InvalidLightmapSettings.uasset" 481
"../../../Engine/Content/EngineMaterials/M_InvalidLightmapSettings.uexp" 482
"../../../Engine/Content/Functions/Engine_MaterialFunctions02/WorldPositionOffset/CameraOffset.uasset" 483
"../../../Engine/Content/Functions/Engine_MaterialFunctions02/WorldPositionOffset/CameraOffset.uexp" 484
"../../../Engine/Content/EngineMaterials/PhAT_JointLimitMaterial.uasset" 485
"../../../Engine/Content/EngineMaterials/PhAT_JointLimitMaterial.uexp" 486
"../../../Engine/Content/EngineMaterials/DefaultCalibrationColor.uasset" 487
"../../../Engine/Content/EngineMaterials/DefaultCalibrationColor.uexp" 488
"../../../Engine/Content/EngineMaterials/PPM_DefaultCalibrationColor.uasset" 489
"../../../Engine/Content/EngineMaterials/PPM_DefaultCalibrationColor.uexp" 490
"../../../Engine/Content/EngineMaterials/DefaultCalibrationGrayscale.uasset" 491
"../../../Engine/Content/EngineMaterials/DefaultCalibrationGrayscale.uexp" 492
"../../../Engine/Content/EngineMaterials/PPM_DefaultCalibrationGrayscale.uasset" 493
"../../../Engine/Content/EngineMaterials/PPM_DefaultCalibrationGrayscale.uexp" 494
"../../../Engine/Content/EngineMaterials/PreintegratedSkinBRDF.uasset" 495
"../../../Engine/Content/EngineMaterials/PreintegratedSkinBRDF.uexp" 496
"../../../Engine/Content/EngineMaterials/RemoveSurfaceMaterial.uasset" 497
"../../../Engine/Content/EngineMaterials/RemoveSurfaceMaterial.uexp" 498
"../../../Engine/Content/EngineMaterials/WeightMapPlaceholderTexture.uasset" 499
"../../../Engine/Content/EngineMaterials/WeightMapPlaceholderTexture.uexp" 500
"../../../Engine/Content/EngineResources/WhiteSquareTexture.uasset" 501
"../../../Engine/Content/EngineResources/WhiteSquareTexture.uexp" 502
"../../../Engine/Content/EngineMaterials/Widget3DPassThrough.uasset" 503
"../../../Engine/Content/EngineMaterials/Widget3DPassThrough.uexp" 504
"../../../Engine/Content/EngineMaterials/Widget3DPassThrough_Masked.uasset" 505
"../../../Engine/Content/EngineMaterials/Widget3DPassThrough_Masked.uexp" 506
"../../../Engine/Content/EngineMaterials/Widget3DPassThrough_Opaque.uasset" 507
"../../../Engine/Content/EngineMaterials/Widget3DPassThrough_Opaque.uexp" 508
"../../../Engine/Content/EngineMaterials/Widget3DPassThrough_Masked_OneSided.uasset" 509
"../../../Engine/Content/EngineMaterials/Widget3DPassThrough_Masked_OneSided.uexp" 510
"../../../Engine/Content/EngineMaterials/Widget3DPassThrough_Opaque_OneSided.uasset" 511
"../../../Engine/Content/EngineMaterials/Widget3DPassThrough_Opaque_OneSided.uexp" 512
"../../../Engine/Content/EngineMaterials/Widget3DPassThrough_Translucent.uasset" 513
"../../../Engine/Content/EngineMaterials/Widget3DPassThrough_Translucent.uexp" 514
"../../../Engine/Content/EngineMaterials/Widget3DPassThrough_Translucent_OneSided.uasset" 515
"../../../Engine/Content/EngineMaterials/Widget3DPassThrough_Translucent_OneSided.uexp" 516
"../../../Engine/Content/EngineMeshes/Cylinder.uasset" 517
"../../../Engine/Content/EngineMeshes/Cylinder.uexp" 518
"../../../Engine/Content/EngineMeshes/Sphere.uasset" 519
"../../../Engine/Content/EngineMeshes/Sphere.uexp" 520
"../../../Engine/Content/EngineResources/DefaultTexture.uasset" 521
"../../../Engine/Content/EngineResources/DefaultTexture.uexp" 522
"../../../Engine/Content/EngineResources/DefaultTexture.ubulk" 523
"../../../Engine/Content/EngineResources/DefaultTextureCube.uasset" 524
"../../../Engine/Content/EngineResources/DefaultTextureCube.uexp" 525
"../../../Engine/Content/EngineResources/DefaultVolumeTexture2D.uasset" 526
"../../../Engine/Content/EngineResources/DefaultVolumeTexture2D.uexp" 527
"../../../Engine/Content/EngineResources/DefaultVolumeTexture.uasset" 528
"../../../Engine/Content/EngineResources/DefaultVolumeTexture.uexp" 529
"../../../Engine/Content/EngineResources/GradientTexture0.uasset" 530
"../../../Engine/Content/EngineResources/GradientTexture0.uexp" 531
"../../../Engine/Content/EngineSky/VolumetricClouds/T_NoiseShape64.uasset" 532
"../../../Engine/Content/EngineSky/VolumetricClouds/T_NoiseShape64.uexp" 533
"../../../Engine/Content/EngineSky/VolumetricClouds/T_NoiseShape64.ubulk" 534
"../../../Engine/Content/EngineSky/VolumetricClouds/T_VolumeNoiseShape64.uasset" 535
"../../../Engine/Content/EngineSky/VolumetricClouds/T_VolumeNoiseShape64.uexp" 536
"../../../Engine/Content/EngineSky/VolumetricClouds/T_NoiseErosion.uasset" 537
"../../../Engine/Content/EngineSky/VolumetricClouds/T_NoiseErosion.uexp" 538
"../../../Engine/Content/EngineSky/VolumetricClouds/T_NoiseErosion.ubulk" 539
"../../../Engine/Content/EngineSky/VolumetricClouds/T_VolumeNoiseErosion32.uasset" 540
"../../../Engine/Content/EngineSky/VolumetricClouds/T_VolumeNoiseErosion32.uexp" 541
"../../../Engine/Content/EngineSky/VolumetricClouds/CloudWeatherTexture.uasset" 542
"../../../Engine/Content/EngineSky/VolumetricClouds/CloudWeatherTexture.uexp" 543
"../../../Engine/Content/EngineSky/VolumetricClouds/CloudGradientTexture.uasset" 544
"../../../Engine/Content/EngineSky/VolumetricClouds/CloudGradientTexture.uexp" 545
"../../../Engine/Content/Functions/Engine_MaterialFunctions02/Utility/MakeFloat2.uasset" 546
"../../../Engine/Content/Functions/Engine_MaterialFunctions02/Utility/MakeFloat2.uexp" 547
"../../../Engine/Content/EngineSky/VolumetricClouds/m_SimpleVolumetricCloud.uasset" 548
"../../../Engine/Content/EngineSky/VolumetricClouds/m_SimpleVolumetricCloud.uexp" 549
"../../../Engine/Content/EngineSky/VolumetricClouds/m_SimpleVolumetricCloud_Inst.uasset" 550
"../../../Engine/Content/EngineSky/VolumetricClouds/m_SimpleVolumetricCloud_Inst.uexp" 551
"../../../Engine/Content/EngineSounds/Master.uasset" 552
"../../../Engine/Content/EngineSounds/Master.uexp" 553
"../../../Engine/Content/Functions/Engine_MaterialFunctions01/Shading/PowerToRoughness.uasset" 554
"../../../Engine/Content/Functions/Engine_MaterialFunctions01/Shading/PowerToRoughness.uexp" 555
"../../../Engine/Content/Maps/Templates/Thumbnails/Default.uasset" 556
"../../../Engine/Content/Maps/Templates/Thumbnails/Default.uexp" 557
"../../../Engine/Content/Maps/Templates/Thumbnails/TimeOfDay.uasset" 558
"../../../Engine/Content/Maps/Templates/Thumbnails/TimeOfDay.uexp" 559
"../../../Engine/Content/Maps/Templates/Thumbnails/VR-Basic.uasset" 560
"../../../Engine/Content/Maps/Templates/Thumbnails/VR-Basic.uexp" 561
"../../../Engine/Content/MobileResources/T_MobileControls_texture.uasset" 562
"../../../Engine/Content/MobileResources/T_MobileControls_texture.uexp" 563
"../../../Engine/Content/MobileResources/T_MobileMenu2.uasset" 564
"../../../Engine/Content/MobileResources/T_MobileMenu2.uexp" 565
"../../../Engine/Content/MobileResources/HUD/AnalogHat.uasset" 566
"../../../Engine/Content/MobileResources/HUD/AnalogHat.uexp" 567
"../../../Engine/Content/MobileResources/HUD/VirtualJoystick_Thumb.uasset" 568
"../../../Engine/Content/MobileResources/HUD/VirtualJoystick_Thumb.uexp" 569
"../../../Engine/Content/MobileResources/HUD/VirtualJoystick_Background.uasset" 570
"../../../Engine/Content/MobileResources/HUD/VirtualJoystick_Background.uexp" 571
"../../../Engine/Content/MobileResources/HUD/DefaultVirtualJoysticks.uasset" 572
"../../../Engine/Content/MobileResources/HUD/DefaultVirtualJoysticks.uexp" 573
"../../../Engine/Content/MobileResources/HUD/LeftVirtualJoystickOnly.uasset" 574
"../../../Engine/Content/MobileResources/HUD/LeftVirtualJoystickOnly.uexp" 575
"../../../Engine/Content/MobileResources/HUD/MobileHUDButton1_off.uasset" 576
"../../../Engine/Content/MobileResources/HUD/MobileHUDButton1_off.uexp" 577
"../../../Engine/Content/MobileResources/HUD/MobileHUDButton1_on.uasset" 578
"../../../Engine/Content/MobileResources/HUD/MobileHUDButton1_on.uexp" 579
"../../../Engine/Content/MobileResources/HUD/MobileHUDButton2_off.uasset" 580
"../../../Engine/Content/MobileResources/HUD/MobileHUDButton2_off.uexp" 581
"../../../Engine/Content/MobileResources/HUD/MobileHUDButton2_on.uasset" 582
"../../../Engine/Content/MobileResources/HUD/MobileHUDButton2_on.uexp" 583
"../../../Engine/Content/MobileResources/HUD/MobileHUDButton3.uasset" 584
"../../../Engine/Content/MobileResources/HUD/MobileHUDButton3.uexp" 585
"../../../Engine/Content/MobileResources/HUD/MobileHUDButtonFire.uasset" 586
"../../../Engine/Content/MobileResources/HUD/MobileHUDButtonFire.uexp" 587
"../../../Engine/Content/MobileResources/HUD/MobileHUDDirectionPad.uasset" 588
"../../../Engine/Content/MobileResources/HUD/MobileHUDDirectionPad.uexp" 589
"../../../Engine/Content/MobileResources/HUD/MobileHUDDirectionPad2.uasset" 590
"../../../Engine/Content/MobileResources/HUD/MobileHUDDirectionPad2.uexp" 591
"../../../Engine/Content/MobileResources/HUD/MobileHUDDirectionPad3.uasset" 592
"../../../Engine/Content/MobileResources/HUD/MobileHUDDirectionPad3.uexp" 593
"../../../Engine/Content/MobileResources/HUD/MobileHUDDirectionStick.uasset" 594
"../../../Engine/Content/MobileResources/HUD/MobileHUDDirectionStick.uexp" 595
"../../../Engine/Content/MobileResources/HUD/T_Castle_ThumbstickInner.uasset" 596
"../../../Engine/Content/MobileResources/HUD/T_Castle_ThumbstickInner.uexp" 597
"../../../Engine/Content/MobileResources/HUD/T_Castle_ThumbstickOutter.uasset" 598
"../../../Engine/Content/MobileResources/HUD/T_Castle_ThumbstickOutter.uexp" 599
"../../../Engine/Content/Tutorial/ContentIntroCurve.uasset" 600
"../../../Engine/Content/Tutorial/ContentIntroCurve.uexp" 601
"../../../Engine/Content/Tutorial/Basics/TutorialAssets/icon_tab_Levels_40x.uasset" 602
"../../../Engine/Content/Tutorial/Basics/TutorialAssets/icon_tab_Levels_40x.uexp" 603
"../../../Engine/Content/VREditor/TransformGizmo/TranslucentTransformGizmoMaterial.uasset" 604
"../../../Engine/Content/VREditor/TransformGizmo/TranslucentTransformGizmoMaterial.uexp" 605
"../../../Engine/Content/VREditor/LaserPointer/VR_LaserPower_01.uasset" 606
"../../../Engine/Content/VREditor/LaserPointer/VR_LaserPower_01.uexp" 607
"../../../Engine/Content/VREditor/LaserPointer/VR_LaserPower_01.ubulk" 608
"../../../Engine/Content/VREditor/TransformGizmo/TransformGizmoMaterial.uasset" 609
"../../../Engine/Content/VREditor/TransformGizmo/TransformGizmoMaterial.uexp" 610
"../../../Engine/Content/VREditor/TransformGizmo/BoundingBoxCorner.uasset" 611
"../../../Engine/Content/VREditor/TransformGizmo/BoundingBoxCorner.uexp" 612
"../../../Engine/Content/VREditor/TransformGizmo/BoundingBoxEdge.uasset" 613
"../../../Engine/Content/VREditor/TransformGizmo/BoundingBoxEdge.uexp" 614
"../../../Engine/Content/VREditor/TransformGizmo/PlaneTranslationHandle.uasset" 615
"../../../Engine/Content/VREditor/TransformGizmo/PlaneTranslationHandle.uexp" 616
"../../../Engine/Content/VREditor/TransformGizmo/Xray.uasset" 617
"../../../Engine/Content/VREditor/TransformGizmo/Xray.uexp" 618
"../../../Engine/Content/VREditor/TransformGizmo/Main.uasset" 619
"../../../Engine/Content/VREditor/TransformGizmo/Main.uexp" 620
"../../../Engine/Content/VREditor/TransformGizmo/SM_Sequencer_Key.uasset" 621
"../../../Engine/Content/VREditor/TransformGizmo/SM_Sequencer_Key.uexp" 622
"../../../Engine/Content/VREditor/TransformGizmo/SM_Sequencer_Node.uasset" 623
"../../../Engine/Content/VREditor/TransformGizmo/SM_Sequencer_Node.uexp" 624
"../../../Engine/Plugins/2D/Paper2D/Content/PlaceholderTextures/DummySpriteTexture.uasset" 625
"../../../Engine/Plugins/2D/Paper2D/Content/PlaceholderTextures/DummySpriteTexture.uexp" 626
"../../../Engine/Plugins/2D/Paper2D/Content/PlaceholderTextures/DummySpriteTexture.ubulk" 627
"../../../Engine/Plugins/2D/Paper2D/Content/DummySprite.uasset" 628
"../../../Engine/Plugins/2D/Paper2D/Content/DummySprite.uexp" 629
"../../../Engine/Plugins/2D/Paper2D/Content/DefaultPaperTerrainMaterial.uasset" 630
"../../../Engine/Plugins/2D/Paper2D/Content/DefaultPaperTerrainMaterial.uexp" 631
"../../../Engine/Plugins/2D/Paper2D/Content/DefaultSpriteMaterial.uasset" 632
"../../../Engine/Plugins/2D/Paper2D/Content/DefaultSpriteMaterial.uexp" 633
"../../../Engine/Plugins/2D/Paper2D/Content/MaskedUnlitSpriteMaterial.uasset" 634
"../../../Engine/Plugins/2D/Paper2D/Content/MaskedUnlitSpriteMaterial.uexp" 635
"../../../Engine/Plugins/2D/Paper2D/Content/OpaqueUnlitSpriteMaterial.uasset" 636
"../../../Engine/Plugins/2D/Paper2D/Content/OpaqueUnlitSpriteMaterial.uexp" 637
"../../../Engine/Content/Functions/Engine_MaterialFunctions02/Utility/VectorLength.uasset" 638
"../../../Engine/Content/Functions/Engine_MaterialFunctions02/Utility/VectorLength.uexp" 639
"../../../Engine/Content/Functions/Engine_MaterialFunctions02/ObjectLocalBounds.uasset" 640
"../../../Engine/Content/Functions/Engine_MaterialFunctions02/ObjectLocalBounds.uexp" 641
"../../../Engine/Content/Functions/Engine_MaterialFunctions02/WorldPositionOffset/ObjectScale.uasset" 642
"../../../Engine/Content/Functions/Engine_MaterialFunctions02/WorldPositionOffset/ObjectScale.uexp" 643
"../../../Engine/Content/Functions/Engine_MaterialFunctions02/Utility/BreakOutFloat3Components.uasset" 644
"../../../Engine/Content/Functions/Engine_MaterialFunctions02/Utility/BreakOutFloat3Components.uexp" 645
"../../../Engine/Plugins/Editor/SpeedTreeImporter/Content/SpeedTree9/UnpackInteger3.uasset" 646
"../../../Engine/Plugins/Editor/SpeedTreeImporter/Content/SpeedTree9/UnpackInteger3.uexp" 647
"../../../Engine/Plugins/Editor/SpeedTreeImporter/Content/SpeedTree9/UnpackDirection.uasset" 648
"../../../Engine/Plugins/Editor/SpeedTreeImporter/Content/SpeedTree9/UnpackDirection.uexp" 649
"../../../Engine/Plugins/Editor/SpeedTreeImporter/Content/SpeedTree9/game_wind_noise.uasset" 650
"../../../Engine/Plugins/Editor/SpeedTreeImporter/Content/SpeedTree9/game_wind_noise.uexp" 651
"../../../Engine/Plugins/Editor/SpeedTreeImporter/Content/SpeedTree9/game_wind_noise.ubulk" 652
"../../../Engine/Content/Functions/Engine_MaterialFunctions02/SafeNormalize.uasset" 653
"../../../Engine/Content/Functions/Engine_MaterialFunctions02/SafeNormalize.uexp" 654
"../../../Engine/Plugins/Editor/SpeedTreeImporter/Content/SpeedTree9/SpeedTreeWindMotion.uasset" 655
"../../../Engine/Plugins/Editor/SpeedTreeImporter/Content/SpeedTree9/SpeedTreeWindMotion.uexp" 656
"../../../Engine/Plugins/Editor/SpeedTreeImporter/Content/SpeedTree9/SpeedTreeBranchMotion.uasset" 657
"../../../Engine/Plugins/Editor/SpeedTreeImporter/Content/SpeedTree9/SpeedTreeBranchMotion.uexp" 658
"../../../Engine/Content/Functions/Engine_MaterialFunctions02/UVs/BoundingBoxBased_0-1_UVW.uasset" 659
"../../../Engine/Content/Functions/Engine_MaterialFunctions02/UVs/BoundingBoxBased_0-1_UVW.uexp" 660
"../../../Engine/Plugins/Editor/SpeedTreeImporter/Content/SpeedTree9/SpeedTreeWind.uasset" 661
"../../../Engine/Plugins/Editor/SpeedTreeImporter/Content/SpeedTree9/SpeedTreeWind.uexp" 662
"../../../Engine/Plugins/Editor/SpeedTreeImporter/Content/SpeedTree9/SpeedTreeBillboard.uasset" 663
"../../../Engine/Plugins/Editor/SpeedTreeImporter/Content/SpeedTree9/SpeedTreeBillboard.uexp" 664
"../../../Engine/Plugins/Editor/SpeedTreeImporter/Content/SpeedTree9/EmptyNormal.uasset" 665
"../../../Engine/Plugins/Editor/SpeedTreeImporter/Content/SpeedTree9/EmptyNormal.uexp" 666
"../../../Engine/Plugins/Editor/SpeedTreeImporter/Content/SpeedTree9/Empty.uasset" 667
"../../../Engine/Plugins/Editor/SpeedTreeImporter/Content/SpeedTree9/Empty.uexp" 668
"../../../Engine/Plugins/Editor/SpeedTreeImporter/Content/SpeedTree9/SpeedTreeBillboardMaster.uasset" 669
"../../../Engine/Plugins/Editor/SpeedTreeImporter/Content/SpeedTree9/SpeedTreeBillboardMaster.uexp" 670
"../../../Engine/Plugins/Editor/SpeedTreeImporter/Content/SpeedTree9/SpeedTreeCameraFacing.uasset" 671
"../../../Engine/Plugins/Editor/SpeedTreeImporter/Content/SpeedTree9/SpeedTreeCameraFacing.uexp" 672
"../../../Engine/Plugins/Editor/SpeedTreeImporter/Content/SpeedTree9/SpeedTreeMaster.uasset" 673
"../../../Engine/Plugins/Editor/SpeedTreeImporter/Content/SpeedTree9/SpeedTreeMaster.uexp" 674
"../../../Engine/Content/BasicShapes/Cylinder.uasset" 675
"../../../Engine/Content/BasicShapes/Cylinder.uexp" 676
"../../../Engine/Content/ArtTools/RenderToTexture/Materials/Debug/M_Emissive_Color.uasset" 677
"../../../Engine/Content/ArtTools/RenderToTexture/Materials/Debug/M_Emissive_Color.uexp" 678
"../../../Engine/Plugins/Lumin/MagicLeapPassableWorld/Content/MagicLeapARPinInfoActor.uasset" 679
"../../../Engine/Plugins/Lumin/MagicLeapPassableWorld/Content/MagicLeapARPinInfoActor.uexp" 680
"../../../Engine/Plugins/Runtime/OpenXR/Content/Devices/GoogleDaydream/MRTexture.uasset" 681
"../../../Engine/Plugins/Runtime/OpenXR/Content/Devices/GoogleDaydream/MRTexture.uexp" 682
"../../../Engine/Plugins/Runtime/OpenXR/Content/Devices/GoogleDaydream/MRTexture.ubulk" 683
"../../../Engine/Plugins/Runtime/OpenXR/Content/Devices/GoogleDaydream/BaseTexture.uasset" 684
"../../../Engine/Plugins/Runtime/OpenXR/Content/Devices/GoogleDaydream/BaseTexture.uexp" 685
"../../../Engine/Plugins/Runtime/OpenXR/Content/Devices/GoogleDaydream/BaseTexture.ubulk" 686
"../../../Engine/Content/EngineResources/Black.uasset" 687
"../../../Engine/Content/EngineResources/Black.uexp" 688
"../../../Engine/Plugins/Runtime/OpenXR/Content/Devices/M_XRController.uasset" 689
"../../../Engine/Plugins/Runtime/OpenXR/Content/Devices/M_XRController.uexp" 690
"../../../Engine/Plugins/Runtime/OpenXR/Content/Devices/GoogleDaydream/MI_GoogleDaydream.uasset" 691
"../../../Engine/Plugins/Runtime/OpenXR/Content/Devices/GoogleDaydream/MI_GoogleDaydream.uexp" 692
"../../../Engine/Plugins/Runtime/OpenXR/Content/Devices/GoogleDaydream/GoogleDaydreamController.uasset" 693
"../../../Engine/Plugins/Runtime/OpenXR/Content/Devices/GoogleDaydream/GoogleDaydreamController.uexp" 694
"../../../Engine/Plugins/Runtime/OpenXR/Content/Devices/HTCVive/BaseTexture.uasset" 695
"../../../Engine/Plugins/Runtime/OpenXR/Content/Devices/HTCVive/BaseTexture.uexp" 696
"../../../Engine/Plugins/Runtime/OpenXR/Content/Devices/HTCVive/BaseTexture.ubulk" 697
"../../../Engine/Plugins/Runtime/OpenXR/Content/Devices/HTCVive/MI_HTCVive.uasset" 698
"../../../Engine/Plugins/Runtime/OpenXR/Content/Devices/HTCVive/MI_HTCVive.uexp" 699
"../../../Engine/Plugins/Runtime/OpenXR/Content/Devices/HTCVive/HTCViveController.uasset" 700
"../../../Engine/Plugins/Runtime/OpenXR/Content/Devices/HTCVive/HTCViveController.uexp" 701
"../../../Engine/Plugins/Runtime/OpenXR/Content/Devices/MicrosoftMixedReality/NormalTexture.uasset" 702
"../../../Engine/Plugins/Runtime/OpenXR/Content/Devices/MicrosoftMixedReality/NormalTexture.uexp" 703
"../../../Engine/Plugins/Runtime/OpenXR/Content/Devices/MicrosoftMixedReality/NormalTexture.ubulk" 704
"../../../Engine/Plugins/Runtime/OpenXR/Content/Devices/MicrosoftMixedReality/MRTexture.uasset" 705
"../../../Engine/Plugins/Runtime/OpenXR/Content/Devices/MicrosoftMixedReality/MRTexture.uexp" 706
"../../../Engine/Plugins/Runtime/OpenXR/Content/Devices/MicrosoftMixedReality/MRTexture.ubulk" 707
"../../../Engine/Plugins/Runtime/OpenXR/Content/Devices/MicrosoftMixedReality/EmissiveTexture.uasset" 708
"../../../Engine/Plugins/Runtime/OpenXR/Content/Devices/MicrosoftMixedReality/EmissiveTexture.uexp" 709
"../../../Engine/Plugins/Runtime/OpenXR/Content/Devices/MicrosoftMixedReality/EmissiveTexture.ubulk" 710
"../../../Engine/Plugins/Runtime/OpenXR/Content/Devices/MicrosoftMixedReality/BaseTexture.uasset" 711
"../../../Engine/Plugins/Runtime/OpenXR/Content/Devices/MicrosoftMixedReality/BaseTexture.uexp" 712
"../../../Engine/Plugins/Runtime/OpenXR/Content/Devices/MicrosoftMixedReality/BaseTexture.ubulk" 713
"../../../Engine/Plugins/Runtime/OpenXR/Content/Devices/MicrosoftMixedReality/MI_MicrosoftMixedReality.uasset" 714
"../../../Engine/Plugins/Runtime/OpenXR/Content/Devices/MicrosoftMixedReality/MI_MicrosoftMixedReality.uexp" 715
"../../../Engine/Plugins/Runtime/OpenXR/Content/Devices/MicrosoftMixedReality/Left/left_MicrosoftMixedRealityController.uasset" 716
"../../../Engine/Plugins/Runtime/OpenXR/Content/Devices/MicrosoftMixedReality/Left/left_MicrosoftMixedRealityController.uexp" 717
"../../../Engine/Plugins/Runtime/OpenXR/Content/Devices/MicrosoftMixedReality/Right/right_MicrosoftMixedRealityController.uasset" 718
"../../../Engine/Plugins/Runtime/OpenXR/Content/Devices/MicrosoftMixedReality/Right/right_MicrosoftMixedRealityController.uexp" 719
"../../../Engine/Plugins/Runtime/OpenXR/Content/Devices/OculusGo/BaseTexture.uasset" 720
"../../../Engine/Plugins/Runtime/OpenXR/Content/Devices/OculusGo/BaseTexture.uexp" 721
"../../../Engine/Plugins/Runtime/OpenXR/Content/Devices/OculusGo/BaseTexture.ubulk" 722
"../../../Engine/Plugins/Runtime/OpenXR/Content/Devices/OculusGo/MI_OculusGo.uasset" 723
"../../../Engine/Plugins/Runtime/OpenXR/Content/Devices/OculusGo/MI_OculusGo.uexp" 724
"../../../Engine/Plugins/Runtime/OpenXR/Content/Devices/OculusGo/OculusGoController.uasset" 725
"../../../Engine/Plugins/Runtime/OpenXR/Content/Devices/OculusGo/OculusGoController.uexp" 726
"../../../Engine/Plugins/Runtime/OpenXR/Content/Devices/OculusTouch/MRTexture.uasset" 727
"../../../Engine/Plugins/Runtime/OpenXR/Content/Devices/OculusTouch/MRTexture.uexp" 728
"../../../Engine/Plugins/Runtime/OpenXR/Content/Devices/OculusTouch/MRTexture.ubulk" 729
"../../../Engine/Plugins/Runtime/OpenXR/Content/Devices/OculusTouch/BaseTexture.uasset" 730
"../../../Engine/Plugins/Runtime/OpenXR/Content/Devices/OculusTouch/BaseTexture.uexp" 731
"../../../Engine/Plugins/Runtime/OpenXR/Content/Devices/OculusTouch/BaseTexture.ubulk" 732
"../../../Engine/Plugins/Runtime/OpenXR/Content/Devices/OculusTouch/MI_OculusTouch.uasset" 733
"../../../Engine/Plugins/Runtime/OpenXR/Content/Devices/OculusTouch/MI_OculusTouch.uexp" 734
"../../../Engine/Plugins/Runtime/OpenXR/Content/Devices/OculusTouch/Left/left_OculusTouchController.uasset" 735
"../../../Engine/Plugins/Runtime/OpenXR/Content/Devices/OculusTouch/Left/left_OculusTouchController.uexp" 736
"../../../Engine/Plugins/Runtime/OpenXR/Content/Devices/OculusTouch/Right/right_OculusTouchController.uasset" 737
"../../../Engine/Plugins/Runtime/OpenXR/Content/Devices/OculusTouch/Right/right_OculusTouchController.uexp" 738
"../../../Engine/Plugins/Runtime/OpenXR/Content/Devices/OculusTouch_v2/MRTexture.uasset" 739
"../../../Engine/Plugins/Runtime/OpenXR/Content/Devices/OculusTouch_v2/MRTexture.uexp" 740
"../../../Engine/Plugins/Runtime/OpenXR/Content/Devices/OculusTouch_v2/MRTexture.ubulk" 741
"../../../Engine/Plugins/Runtime/OpenXR/Content/Devices/OculusTouch_v2/BaseTexture.uasset" 742
"../../../Engine/Plugins/Runtime/OpenXR/Content/Devices/OculusTouch_v2/BaseTexture.uexp" 743
"../../../Engine/Plugins/Runtime/OpenXR/Content/Devices/OculusTouch_v2/BaseTexture.ubulk" 744
"../../../Engine/Plugins/Runtime/OpenXR/Content/Devices/OculusTouch_v2/MI_OculusTouch_v2.uasset" 745
"../../../Engine/Plugins/Runtime/OpenXR/Content/Devices/OculusTouch_v2/MI_OculusTouch_v2.uexp" 746
"../../../Engine/Plugins/Runtime/OpenXR/Content/Devices/OculusTouch_v2/Left/left_OculusTouch_v2Controller.uasset" 747
"../../../Engine/Plugins/Runtime/OpenXR/Content/Devices/OculusTouch_v2/Left/left_OculusTouch_v2Controller.uexp" 748
"../../../Engine/Plugins/Runtime/OpenXR/Content/Devices/OculusTouch_v2/Right/right_OculusTouch_v2Controller.uasset" 749
"../../../Engine/Plugins/Runtime/OpenXR/Content/Devices/OculusTouch_v2/Right/right_OculusTouch_v2Controller.uexp" 750
"../../../Engine/Plugins/Runtime/OpenXR/Content/Devices/OculusTouch_v3/MRTexture.uasset" 751
"../../../Engine/Plugins/Runtime/OpenXR/Content/Devices/OculusTouch_v3/MRTexture.uexp" 752
"../../../Engine/Plugins/Runtime/OpenXR/Content/Devices/OculusTouch_v3/MRTexture.ubulk" 753
"../../../Engine/Plugins/Runtime/OpenXR/Content/Devices/OculusTouch_v3/BaseTexture.uasset" 754
"../../../Engine/Plugins/Runtime/OpenXR/Content/Devices/OculusTouch_v3/BaseTexture.uexp" 755
"../../../Engine/Plugins/Runtime/OpenXR/Content/Devices/OculusTouch_v3/BaseTexture.ubulk" 756
"../../../Engine/Plugins/Runtime/OpenXR/Content/Devices/OculusTouch_v3/MI_OculusTouch_v3.uasset" 757
"../../../Engine/Plugins/Runtime/OpenXR/Content/Devices/OculusTouch_v3/MI_OculusTouch_v3.uexp" 758
"../../../Engine/Plugins/Runtime/OpenXR/Content/Devices/OculusTouch_v3/Left/left_OculusTouch_v3Controller.uasset" 759
"../../../Engine/Plugins/Runtime/OpenXR/Content/Devices/OculusTouch_v3/Left/left_OculusTouch_v3Controller.uexp" 760
"../../../Engine/Plugins/Runtime/OpenXR/Content/Devices/OculusTouch_v3/Right/right_OculusTouch_v3Controller.uasset" 761
"../../../Engine/Plugins/Runtime/OpenXR/Content/Devices/OculusTouch_v3/Right/right_OculusTouch_v3Controller.uexp" 762
"../../../Engine/Plugins/Runtime/OpenXR/Content/Devices/ValveIndex/MRTexture.uasset" 763
"../../../Engine/Plugins/Runtime/OpenXR/Content/Devices/ValveIndex/MRTexture.uexp" 764
"../../../Engine/Plugins/Runtime/OpenXR/Content/Devices/ValveIndex/MRTexture.ubulk" 765
"../../../Engine/Plugins/Runtime/OpenXR/Content/Devices/ValveIndex/BaseTexture.uasset" 766
"../../../Engine/Plugins/Runtime/OpenXR/Content/Devices/ValveIndex/BaseTexture.uexp" 767
"../../../Engine/Plugins/Runtime/OpenXR/Content/Devices/ValveIndex/BaseTexture.ubulk" 768
"../../../Engine/Plugins/Runtime/OpenXR/Content/Devices/ValveIndex/Left/MI_left_ValveIndex.uasset" 769
"../../../Engine/Plugins/Runtime/OpenXR/Content/Devices/ValveIndex/Left/MI_left_ValveIndex.uexp" 770
"../../../Engine/Plugins/Runtime/OpenXR/Content/Devices/ValveIndex/Left/left_ValveIndexController.uasset" 771
"../../../Engine/Plugins/Runtime/OpenXR/Content/Devices/ValveIndex/Left/left_ValveIndexController.uexp" 772
"../../../Engine/Plugins/Runtime/OpenXR/Content/Devices/ValveIndex/Right/MI_right_ValveIndex.uasset" 773
"../../../Engine/Plugins/Runtime/OpenXR/Content/Devices/ValveIndex/Right/MI_right_ValveIndex.uexp" 774
"../../../Engine/Plugins/Runtime/OpenXR/Content/Devices/ValveIndex/Right/right_ValveIndexController.uasset" 775
"../../../Engine/Plugins/Runtime/OpenXR/Content/Devices/ValveIndex/Right/right_ValveIndexController.uexp" 776
"../../../Engine/Content/Functions/Engine_MaterialFunctions02/Utility/BreakOutFloat4Components.uasset" 777
"../../../Engine/Content/Functions/Engine_MaterialFunctions02/Utility/BreakOutFloat4Components.uexp" 778
"../../../Engine/Content/Functions/Engine_MaterialFunctions02/Utility/MakeFloat3.uasset" 779
"../../../Engine/Content/Functions/Engine_MaterialFunctions02/Utility/MakeFloat3.uexp" 780
"../../../Engine/Plugins/Runtime/Oculus/OculusVR/Content/Materials/OculusMR_ChromaKey.uasset" 781
"../../../Engine/Plugins/Runtime/Oculus/OculusVR/Content/Materials/OculusMR_ChromaKey.uexp" 782
"../../../Engine/Plugins/Runtime/Oculus/OculusVR/Content/Materials/OculusMR_OpaqueColoredMaterial.uasset" 783
"../../../Engine/Plugins/Runtime/Oculus/OculusVR/Content/Materials/OculusMR_OpaqueColoredMaterial.uexp" 784
"../../../Engine/Plugins/Runtime/Oculus/OculusVR/Content/Materials/PokeAHoleMaterial.uasset" 785
"../../../Engine/Plugins/Runtime/Oculus/OculusVR/Content/Materials/PokeAHoleMaterial.uexp" 786
"../../../Engine/Plugins/Runtime/Oculus/OculusVR/Content/Textures/touchController_controlmap.uasset" 787
"../../../Engine/Plugins/Runtime/Oculus/OculusVR/Content/Textures/touchController_controlmap.uexp" 788
"../../../Engine/Plugins/Runtime/Oculus/OculusVR/Content/Textures/touchController_controlmap.ubulk" 789
"../../../Engine/Plugins/Runtime/Oculus/OculusVR/Content/Textures/touchController_albedo.uasset" 790
"../../../Engine/Plugins/Runtime/Oculus/OculusVR/Content/Textures/touchController_albedo.uexp" 791
"../../../Engine/Plugins/Runtime/Oculus/OculusVR/Content/Textures/touchController_albedo.ubulk" 792
"../../../Engine/Plugins/Runtime/Oculus/OculusVR/Content/Materials/touchController_mat.uasset" 793
"../../../Engine/Plugins/Runtime/Oculus/OculusVR/Content/Materials/touchController_mat.uexp" 794
"../../../Engine/Plugins/Runtime/Oculus/OculusVR/Content/Meshes/LeftTouchController.uasset" 795
"../../../Engine/Plugins/Runtime/Oculus/OculusVR/Content/Meshes/LeftTouchController.uexp" 796
"../../../Engine/Plugins/Runtime/Oculus/OculusVR/Content/Textures/TouchForQuestRiftSController_albedo.uasset" 797
"../../../Engine/Plugins/Runtime/Oculus/OculusVR/Content/Textures/TouchForQuestRiftSController_albedo.uexp" 798
"../../../Engine/Plugins/Runtime/Oculus/OculusVR/Content/Textures/TouchForQuestRiftSController_albedo.ubulk" 799
"../../../Engine/Plugins/Runtime/Oculus/OculusVR/Content/Materials/TouchForQuestRiftSControllerMaterial.uasset" 800
"../../../Engine/Plugins/Runtime/Oculus/OculusVR/Content/Materials/TouchForQuestRiftSControllerMaterial.uexp" 801
"../../../Engine/Plugins/Runtime/Oculus/OculusVR/Content/Meshes/LeftTouchForQuestRiftSController.uasset" 802
"../../../Engine/Plugins/Runtime/Oculus/OculusVR/Content/Meshes/LeftTouchForQuestRiftSController.uexp" 803
"../../../Engine/Plugins/Runtime/Oculus/OculusVR/Content/Meshes/RiftHMD.uasset" 804
"../../../Engine/Plugins/Runtime/Oculus/OculusVR/Content/Meshes/RiftHMD.uexp" 805
"../../../Engine/Plugins/Runtime/Oculus/OculusVR/Content/Meshes/RightTouchController.uasset" 806
"../../../Engine/Plugins/Runtime/Oculus/OculusVR/Content/Meshes/RightTouchController.uexp" 807
"../../../Engine/Plugins/Runtime/Oculus/OculusVR/Content/Meshes/RightTouchForQuestRiftSController.uasset" 808
"../../../Engine/Plugins/Runtime/Oculus/OculusVR/Content/Meshes/RightTouchForQuestRiftSController.uexp" 809
"C:/Users/Demos/Documents/Unreal Projects/UE_InputProject/Content/ExternalContent/Tiles/tileSlopeLowMedium_desert.uasset" 810
"C:/Users/Demos/Documents/Unreal Projects/UE_InputProject/Content/ExternalContent/Tiles/tileSlopeLowMedium_desert.uexp" 811
"C:/Users/Demos/Documents/Unreal Projects/UE_InputProject/Content/ExternalContent/Tiles/tileSlopeLowHigh_desert.uasset" 812
"C:/Users/Demos/Documents/Unreal Projects/UE_InputProject/Content/ExternalContent/Tiles/tileSlopeLowHigh_desert.uexp" 813
"C:/Users/Demos/Documents/Unreal Projects/UE_InputProject/Content/ExternalContent/Tiles/tileLow_forest.uasset" 814
"C:/Users/Demos/Documents/Unreal Projects/UE_InputProject/Content/ExternalContent/Tiles/tileLow_forest.uexp" 815
"C:/Users/Demos/Documents/Unreal Projects/UE_InputProject/Content/ExternalContent/Tiles/tileLow_desert.uasset" 816
"C:/Users/Demos/Documents/Unreal Projects/UE_InputProject/Content/ExternalContent/Tiles/tileLow_desert.uexp" 817
"C:/Users/Demos/Documents/Unreal Projects/UE_InputProject/Content/ExternalContent/Tiles/tileLarge_forest.uasset" 818
"C:/Users/Demos/Documents/Unreal Projects/UE_InputProject/Content/ExternalContent/Tiles/tileLarge_forest.uexp" 819
"C:/Users/Demos/Documents/Unreal Projects/UE_InputProject/Content/ExternalContent/Environment/tree_forest.uasset" 820
"C:/Users/Demos/Documents/Unreal Projects/UE_InputProject/Content/ExternalContent/Environment/tree_forest.uexp" 821
"C:/Users/Demos/Documents/Unreal Projects/UE_InputProject/Content/ExternalContent/Environment/plantB_forest.uasset" 822
"C:/Users/Demos/Documents/Unreal Projects/UE_InputProject/Content/ExternalContent/Environment/plantB_forest.uexp" 823
"C:/Users/Demos/Documents/Unreal Projects/UE_InputProject/Content/ExternalContent/Environment/plantA_forest.uasset" 824
"C:/Users/Demos/Documents/Unreal Projects/UE_InputProject/Content/ExternalContent/Environment/plantA_forest.uexp" 825
"C:/Users/Demos/Documents/Unreal Projects/UE_InputProject/Content/ExternalContent/Environment/plantA_desert.uasset" 826
"C:/Users/Demos/Documents/Unreal Projects/UE_InputProject/Content/ExternalContent/Environment/plantA_desert.uexp" 827
"C:/Users/Demos/Documents/Unreal Projects/UE_InputProject/Content/ExternalContent/Environment/flag_teamRed.uasset" 828
"C:/Users/Demos/Documents/Unreal Projects/UE_InputProject/Content/ExternalContent/Environment/flag_teamRed.uexp" 829
"C:/Users/Demos/Documents/Unreal Projects/UE_InputProject/Content/ExternalContent/Environment/detail_forest.uasset" 830
"C:/Users/Demos/Documents/Unreal Projects/UE_InputProject/Content/ExternalContent/Environment/detail_forest.uexp" 831
"C:/Users/Demos/Documents/Unreal Projects/UE_InputProject/Content/ExternalContent/Environment/detail_desert.uasset" 832
"C:/Users/Demos/Documents/Unreal Projects/UE_InputProject/Content/ExternalContent/Environment/detail_desert.uexp" 833
"../../../Engine/Content/EngineSky/T_Sky_Stars.uasset" 834
"../../../Engine/Content/EngineSky/T_Sky_Stars.uexp" 835
"../../../Engine/Content/EngineSky/T_Sky_Stars.ubulk" 836
"../../../Engine/Content/EngineSky/T_Sky_Clouds_M.uasset" 837
"../../../Engine/Content/EngineSky/T_Sky_Clouds_M.uexp" 838
"../../../Engine/Content/EngineSky/T_Sky_Clouds_M.ubulk" 839
"../../../Engine/Content/EngineSky/T_Sky_Blue.uasset" 840
"../../../Engine/Content/EngineSky/T_Sky_Blue.uexp" 841
"../../../Engine/Content/EngineSky/T_Sky_Blue.ubulk" 842
"../../../Engine/Content/EngineSky/M_Sky_Panning_Clouds2.uasset" 843
"../../../Engine/Content/EngineSky/M_Sky_Panning_Clouds2.uexp" 844
"C:/Users/Demos/Documents/Unreal Projects/UE_InputProject/Content/Maps/TestMap_BuiltData.uasset" 845
"C:/Users/Demos/Documents/Unreal Projects/UE_InputProject/Content/Maps/TestMap_BuiltData.uexp" 846
"C:/Users/Demos/Documents/Unreal Projects/UE_InputProject/Content/Maps/TestMap_BuiltData.ubulk" 847
"C:/Users/Demos/Documents/Unreal Projects/UE_InputProject/Content/WorldObjects/BP_WorldWall.uasset" 848
"C:/Users/Demos/Documents/Unreal Projects/UE_InputProject/Content/WorldObjects/BP_WorldWall.uexp" 849
"C:/Users/Demos/Documents/Unreal Projects/UE_InputProject/Content/WorldObjects/BP_FinishSpace.uasset" 850
"C:/Users/Demos/Documents/Unreal Projects/UE_InputProject/Content/WorldObjects/BP_FinishSpace.uexp" 851
"C:/Users/Demos/Documents/Unreal Projects/UE_InputProject/Content/Traps/BP_TrampolineTrap.uasset" 852
"C:/Users/Demos/Documents/Unreal Projects/UE_InputProject/Content/Traps/BP_TrampolineTrap.uexp" 853
"C:/Users/Demos/Documents/Unreal Projects/UE_InputProject/Content/ExternalContent/Tiles/tileHigh_desert.uasset" 854
"C:/Users/Demos/Documents/Unreal Projects/UE_InputProject/Content/ExternalContent/Tiles/tileHigh_desert.uexp" 855
"C:/Users/Demos/Documents/Unreal Projects/UE_InputProject/Content/Traps/BP_GustWindTrap.uasset" 856
"C:/Users/Demos/Documents/Unreal Projects/UE_InputProject/Content/Traps/BP_GustWindTrap.uexp" 857
"C:/Users/Demos/Documents/Unreal Projects/UE_InputProject/Content/Traps/BP_DisappearTrap.uasset" 858
"C:/Users/Demos/Documents/Unreal Projects/UE_InputProject/Content/Traps/BP_DisappearTrap.uexp" 859
"C:/Users/Demos/Documents/Unreal Projects/UE_InputProject/Content/Traps/BP_BombTrap.uasset" 860
"C:/Users/Demos/Documents/Unreal Projects/UE_InputProject/Content/Traps/BP_BombTrap.uexp" 861
"C:/Users/Demos/Documents/Unreal Projects/UE_InputProject/Content/ExternalContent/Sprites/Square_Button.uasset" 862
"C:/Users/Demos/Documents/Unreal Projects/UE_InputProject/Content/ExternalContent/Sprites/Square_Button.uexp" 863
"C:/Users/Demos/Documents/Unreal Projects/UE_InputProject/Content/ExternalContent/Sprites/dialog_box_medium.uasset" 864
"C:/Users/Demos/Documents/Unreal Projects/UE_InputProject/Content/ExternalContent/Sprites/dialog_box_medium.uexp" 865
"C:/Users/Demos/Documents/Unreal Projects/UE_InputProject/Content/UI/WBP_Result.uasset" 866
"C:/Users/Demos/Documents/Unreal Projects/UE_InputProject/Content/UI/WBP_Result.uexp" 867
"C:/Users/Demos/Documents/Unreal Projects/UE_InputProject/Content/ExternalContent/Sprites/Premade_dialog_box__big.uasset" 868
"C:/Users/Demos/Documents/Unreal Projects/UE_InputProject/Content/ExternalContent/Sprites/Premade_dialog_box__big.uexp" 869
"C:/Users/Demos/Documents/Unreal Projects/UE_InputProject/Content/UI/WBP_PLayerHUD.uasset" 870
"C:/Users/Demos/Documents/Unreal Projects/UE_InputProject/Content/UI/WBP_PLayerHUD.uexp" 871
"C:/Users/Demos/Documents/Unreal Projects/UE_InputProject/Content/UI/BP_GameHUD.uasset" 872
"C:/Users/Demos/Documents/Unreal Projects/UE_InputProject/Content/UI/BP_GameHUD.uexp" 873
"../../../Engine/Content/EditorBlueprintResources/StandardMacros.uasset" 874
"../../../Engine/Content/EditorBlueprintResources/StandardMacros.uexp" 875
"C:/Users/Demos/Documents/Unreal Projects/UE_InputProject/Content/ExternalContent/Animations/Character_Anim_CharacterArmature_Run.uasset" 876
"C:/Users/Demos/Documents/Unreal Projects/UE_InputProject/Content/ExternalContent/Animations/Character_Anim_CharacterArmature_Run.uexp" 877
"C:/Users/Demos/Documents/Unreal Projects/UE_InputProject/Content/ExternalContent/Animations/Character_Anim_CharacterArmature_Idle.uasset" 878
"C:/Users/Demos/Documents/Unreal Projects/UE_InputProject/Content/ExternalContent/Animations/Character_Anim_CharacterArmature_Idle.uexp" 879
"C:/Users/Demos/Documents/Unreal Projects/UE_InputProject/Content/Player/Animations/BS_Locomotion_Run.uasset" 880
"C:/Users/Demos/Documents/Unreal Projects/UE_InputProject/Content/Player/Animations/BS_Locomotion_Run.uexp" 881
"C:/Users/Demos/Documents/Unreal Projects/UE_InputProject/Content/ExternalContent/Animations/Character_Anim_CharacterArmature_Jump_Land.uasset" 882
"C:/Users/Demos/Documents/Unreal Projects/UE_InputProject/Content/ExternalContent/Animations/Character_Anim_CharacterArmature_Jump_Land.uexp" 883
"C:/Users/Demos/Documents/Unreal Projects/UE_InputProject/Content/ExternalContent/Animations/Character_Anim_CharacterArmature_Jump_Idle.uasset" 884
"C:/Users/Demos/Documents/Unreal Projects/UE_InputProject/Content/ExternalContent/Animations/Character_Anim_CharacterArmature_Jump_Idle.uexp" 885
"C:/Users/Demos/Documents/Unreal Projects/UE_InputProject/Content/ExternalContent/Animations/Character_Anim_CharacterArmature_Jump.uasset" 886
"C:/Users/Demos/Documents/Unreal Projects/UE_InputProject/Content/ExternalContent/Animations/Character_Anim_CharacterArmature_Jump.uexp" 887
"C:/Users/Demos/Documents/Unreal Projects/UE_InputProject/Content/Player/Animations/ABP_MainCharacter.uasset" 888
"C:/Users/Demos/Documents/Unreal Projects/UE_InputProject/Content/Player/Animations/ABP_MainCharacter.uexp" 889
"C:/Users/Demos/Documents/Unreal Projects/UE_InputProject/Content/ExternalContent/Characters/Character_PhysicsAsset.uasset" 890
"C:/Users/Demos/Documents/Unreal Projects/UE_InputProject/Content/ExternalContent/Characters/Character_PhysicsAsset.uexp" 891
"C:/Users/Demos/Documents/Unreal Projects/UE_InputProject/Content/ExternalContent/Characters/Materials/White.uasset" 892
"C:/Users/Demos/Documents/Unreal Projects/UE_InputProject/Content/ExternalContent/Characters/Materials/White.uexp" 893
"C:/Users/Demos/Documents/Unreal Projects/UE_InputProject/Content/ExternalContent/Characters/Materials/Main_Light.uasset" 894
"C:/Users/Demos/Documents/Unreal Projects/UE_InputProject/Content/ExternalContent/Characters/Materials/Main_Light.uexp" 895
"C:/Users/Demos/Documents/Unreal Projects/UE_InputProject/Content/ExternalContent/Characters/Materials/Main2.uasset" 896
"C:/Users/Demos/Documents/Unreal Projects/UE_InputProject/Content/ExternalContent/Characters/Materials/Main2.uexp" 897
"C:/Users/Demos/Documents/Unreal Projects/UE_InputProject/Content/ExternalContent/Characters/Materials/Main.uasset" 898
"C:/Users/Demos/Documents/Unreal Projects/UE_InputProject/Content/ExternalContent/Characters/Materials/Main.uexp" 899
"C:/Users/Demos/Documents/Unreal Projects/UE_InputProject/Content/ExternalContent/Characters/Materials/EyeColor.uasset" 900
"C:/Users/Demos/Documents/Unreal Projects/UE_InputProject/Content/ExternalContent/Characters/Materials/EyeColor.uexp" 901
"C:/Users/Demos/Documents/Unreal Projects/UE_InputProject/Content/ExternalContent/Characters/Materials/Black.uasset" 902
"C:/Users/Demos/Documents/Unreal Projects/UE_InputProject/Content/ExternalContent/Characters/Materials/Black.uexp" 903
"C:/Users/Demos/Documents/Unreal Projects/UE_InputProject/Content/ExternalContent/Characters/Character.uasset" 904
"C:/Users/Demos/Documents/Unreal Projects/UE_InputProject/Content/ExternalContent/Characters/Character.uexp" 905
"C:/Users/Demos/Documents/Unreal Projects/UE_InputProject/Content/Player/BP_MainCharacter.uasset" 906
"C:/Users/Demos/Documents/Unreal Projects/UE_InputProject/Content/Player/BP_MainCharacter.uexp" 907
"C:/Users/Demos/Documents/Unreal Projects/UE_InputProject/Content/BP_InputProjectGameModeBase.uasset" 908
"C:/Users/Demos/Documents/Unreal Projects/UE_InputProject/Content/BP_InputProjectGameModeBase.uexp" 909
"../../../Engine/Content/EngineSky/SM_SkySphere.uasset" 910
"../../../Engine/Content/EngineSky/SM_SkySphere.uexp" 911
"../../../Engine/Content/EngineSky/C_Sky_Zenith_Color.uasset" 912
"../../../Engine/Content/EngineSky/C_Sky_Zenith_Color.uexp" 913
"../../../Engine/Content/EngineSky/C_Sky_Horizon_Color.uasset" 914
"../../../Engine/Content/EngineSky/C_Sky_Horizon_Color.uexp" 915
"../../../Engine/Content/EngineSky/C_Sky_Cloud_Color.uasset" 916
"../../../Engine/Content/EngineSky/C_Sky_Cloud_Color.uexp" 917
"../../../Engine/Content/EngineSky/BP_Sky_Sphere.uasset" 918
"../../../Engine/Content/EngineSky/BP_Sky_Sphere.uexp" 919
"C:/Users/Demos/Documents/Unreal Projects/UE_InputProject/Content/Maps/TestMap.uexp" 920
"C:/Users/Demos/Documents/Unreal Projects/UE_InputProject/Content/Maps/TestMap.umap" 921
"../../../Engine/Content/Maps/Entry_BuiltData.uasset" 922
"../../../Engine/Content/Maps/Entry_BuiltData.uexp" 923
"../../../Engine/Content/Maps/Entry.uexp" 924
"../../../Engine/Content/Maps/Entry.umap" 925
